#separator \x09
#set_separator	,
#empty_field	(empty)
#unset_field	-
#path	telemetry
#open	2024-06-03-05-43-28
#fields	ts	peer	metric_type	prefix	name	unit	labels	label_values	value
#types	time	string	string	string	string	string	vector[string]	vector[string]	double
1717368208.784191	zeek	gauge	process	resident_memory	bytes	(empty)	(empty)	0.0
1717368208.784191	zeek	gauge	process	virtual_memory	bytes	(empty)	(empty)	0.0
1717368208.784191	zeek	gauge	process	cpu	seconds	(empty)	(empty)	0.0
1717368208.784191	zeek	gauge	process	open_fds	-	(empty)	(empty)	0.0
1717368208.784191	zeek	counter	zeek	log-stream-writes	-	module,stream	PacketFilter,PacketFilter::LOG	1.0
1717368208.784191	zeek	counter	zeek	log-stream-writes	-	module,stream	LoadedScripts,LoadedScripts::LOG	500.0
1717368208.784191	zeek	counter	zeek	log-writer-writes	-	filter-name,module,path,stream,writer	default,PacketFilter,packet_filter,PacketFilter::LOG,Log::WRITER_ASCII	1.0
1717368208.784191	zeek	counter	zeek	log-writer-writes	-	filter-name,module,path,stream,writer	default,LoadedScripts,loaded_scripts,LoadedScripts::LOG,Log::WRITER_ASCII	500.0
1717368208.784191	zeek	gauge	zeek	version_info	-	beta,commit,debug,major,minor,patch,version_number,version_string	false,0,false,6,0,3,60003,6.0.3	1.0
1717368208.784191	zeek	counter	zeek	net-received-bytes	-	(empty)	(empty)	580.0
1717368208.784191	zeek	counter	zeek	net-received-packets	-	(empty)	(empty)	1.0
1717368208.784191	zeek	counter	zeek	net-dropped-packets	-	(empty)	(empty)	0.0
1717368208.784191	zeek	counter	zeek	net-link-packets	-	(empty)	(empty)	11.0
1717368208.784191	zeek	gauge	zeek	net-packet-lag	seconds	(empty)	(empty)	0.007985
1717368208.784191	zeek	counter	zeek	event-handler-invocations	-	name	zeek_init	1.0
1717368208.784191	zeek	counter	zeek	event-handler-invocations	-	name	zeek_script_loaded	500.0
1717368208.784191	zeek	counter	zeek	event-handler-invocations	-	name	grab_vulnerable_versions	1.0
1717368208.784191	zeek	counter	zeek	event-handler-invocations	-	name	NetControl::init	1.0
1717368208.784191	zeek	counter	zeek	event-handler-invocations	-	name	filter_change_tracking	1.0
1717368208.784191	zeek	counter	zeek	event-handler-invocations	-	name	Broker::log_flush	1.0
1717368208.784191	zeek	counter	zeek	event-handler-invocations	-	name	ChecksumOffloading::check	1.0
1717368208.784191	zeek	counter	zeek	event-handler-invocations	-	name	run_sync_hook	1.0
1717368208.784191	zeek	counter	zeek	event-handler-invocations	-	name	Telemetry::log	1.0
1717368208.784191	zeek	gauge	zeek	active-sessions	-	protocol	tcp	1.0
1717368208.784191	zeek	gauge	zeek	active-sessions	-	protocol	udp	0.0
1717368208.784191	zeek	gauge	zeek	active-sessions	-	protocol	icmp	0.0
1717368208.784191	zeek	counter	zeek	total-sessions	-	protocol	tcp	1.0
1717368208.784191	zeek	counter	zeek	total-sessions	-	protocol	udp	0.0
1717368208.784191	zeek	counter	zeek	total-sessions	-	protocol	icmp	0.0
1717368268.786358	zeek	gauge	process	resident_memory	bytes	(empty)	(empty)	0.0
1717368268.786358	zeek	gauge	process	virtual_memory	bytes	(empty)	(empty)	0.0
1717368268.786358	zeek	gauge	process	cpu	seconds	(empty)	(empty)	0.0
1717368268.786358	zeek	gauge	process	open_fds	-	(empty)	(empty)	0.0
1717368268.786358	zeek	counter	zeek	log-stream-writes	-	module,stream	PacketFilter,PacketFilter::LOG	1.0
1717368268.786358	zeek	counter	zeek	log-stream-writes	-	module,stream	LoadedScripts,LoadedScripts::LOG	500.0
1717368268.786358	zeek	counter	zeek	log-stream-writes	-	module,stream	Telemetry,Telemetry::LOG	29.0
1717368268.786358	zeek	counter	zeek	log-stream-writes	-	module,stream	Stats,Stats::LOG	1.0
1717368268.786358	zeek	counter	zeek	log-stream-writes	-	module,stream	Weird,Weird::LOG	3.0
1717368268.786358	zeek	counter	zeek	log-stream-writes	-	module,stream	Reporter,Reporter::LOG	1.0
1717368268.786358	zeek	counter	zeek	log-stream-writes	-	module,stream	Conn,Conn::LOG	1.0
1717368268.786358	zeek	counter	zeek	log-stream-writes	-	module,stream	Software,Software::LOG	1.0
1717368268.786358	zeek	counter	zeek	log-stream-writes	-	module,stream	Notice,Notice::LOG	1.0
1717368268.786358	zeek	counter	zeek	log-stream-writes	-	module,stream	CaptureLoss,CaptureLoss::LOG	1.0
1717368268.786358	zeek	counter	zeek	log-writer-writes	-	filter-name,module,path,stream,writer	default,PacketFilter,packet_filter,PacketFilter::LOG,Log::WRITER_ASCII	1.0
1717368268.786358	zeek	counter	zeek	log-writer-writes	-	filter-name,module,path,stream,writer	default,LoadedScripts,loaded_scripts,LoadedScripts::LOG,Log::WRITER_ASCII	500.0
1717368268.786358	zeek	counter	zeek	log-writer-writes	-	filter-name,module,path,stream,writer	default,Telemetry,telemetry,Telemetry::LOG,Log::WRITER_ASCII	29.0
1717368268.786358	zeek	counter	zeek	log-writer-writes	-	filter-name,module,path,stream,writer	default,Stats,stats,Stats::LOG,Log::WRITER_ASCII	1.0
1717368268.786358	zeek	counter	zeek	log-writer-writes	-	filter-name,module,path,stream,writer	default,Weird,weird,Weird::LOG,Log::WRITER_ASCII	3.0
1717368268.786358	zeek	counter	zeek	log-writer-writes	-	filter-name,module,path,stream,writer	default,Reporter,reporter,Reporter::LOG,Log::WRITER_ASCII	1.0
1717368268.786358	zeek	counter	zeek	log-writer-writes	-	filter-name,module,path,stream,writer	default,Conn,conn,Conn::LOG,Log::WRITER_ASCII	1.0
1717368268.786358	zeek	counter	zeek	log-writer-writes	-	filter-name,module,path,stream,writer	default,Software,software,Software::LOG,Log::WRITER_ASCII	1.0
1717368268.786358	zeek	counter	zeek	log-writer-writes	-	filter-name,module,path,stream,writer	default,Notice,notice,Notice::LOG,Log::WRITER_ASCII	1.0
1717368268.786358	zeek	counter	zeek	log-writer-writes	-	filter-name,module,path,stream,writer	default,CaptureLoss,capture_loss,CaptureLoss::LOG,Log::WRITER_ASCII	1.0
1717368268.786358	zeek	gauge	zeek	version_info	-	beta,commit,debug,major,minor,patch,version_number,version_string	false,0,false,6,0,3,60003,6.0.3	1.0
1717368268.786358	zeek	counter	zeek	net-received-bytes	-	(empty)	(empty)	163160.0
1717368268.786358	zeek	counter	zeek	net-received-packets	-	(empty)	(empty)	420.0
1717368268.786358	zeek	counter	zeek	net-dropped-packets	-	(empty)	(empty)	0.0
1717368268.786358	zeek	counter	zeek	net-link-packets	-	(empty)	(empty)	420.0
1717368268.786358	zeek	gauge	zeek	net-packet-lag	seconds	(empty)	(empty)	0.000099
1717368268.786358	zeek	counter	zeek	event-handler-invocations	-	name	zeek_init	1.0
1717368268.786358	zeek	counter	zeek	event-handler-invocations	-	name	zeek_script_loaded	500.0
1717368268.786358	zeek	counter	zeek	event-handler-invocations	-	name	grab_vulnerable_versions	2.0
1717368268.786358	zeek	counter	zeek	event-handler-invocations	-	name	NetControl::init	1.0
1717368268.786358	zeek	counter	zeek	event-handler-invocations	-	name	filter_change_tracking	2.0
1717368268.786358	zeek	counter	zeek	event-handler-invocations	-	name	Broker::log_flush	60.0
1717368268.786358	zeek	counter	zeek	event-handler-invocations	-	name	ChecksumOffloading::check	2.0
1717368268.786358	zeek	counter	zeek	event-handler-invocations	-	name	run_sync_hook	6.0
1717368268.786358	zeek	counter	zeek	event-handler-invocations	-	name	Telemetry::log	2.0
1717368268.786358	zeek	counter	zeek	event-handler-invocations	-	name	CaptureLoss::take_measurement	2.0
1717368268.786358	zeek	counter	zeek	event-handler-invocations	-	name	check_stats	1.0
1717368268.786358	zeek	counter	zeek	event-handler-invocations	-	name	net_stats_update	1.0
1717368268.786358	zeek	counter	zeek	event-handler-invocations	-	name	SumStats::finish_epoch	8.0
1717368268.786358	zeek	counter	zeek	event-handler-invocations	-	name	new_connection	7.0
1717368268.786358	zeek	counter	zeek	event-handler-invocations	-	name	conn_weird	155.0
1717368268.786358	zeek	counter	zeek	event-handler-invocations	-	name	reporter_warning	1.0
1717368268.786358	zeek	counter	zeek	event-handler-invocations	-	name	connection_EOF	1.0
1717368268.786358	zeek	counter	zeek	event-handler-invocations	-	name	get_file_handle	4.0
1717368268.786358	zeek	counter	zeek	event-handler-invocations	-	name	connection_state_remove	1.0
1717368268.786358	zeek	counter	zeek	event-handler-invocations	-	name	analyzer_confirmation_info	1.0
1717368268.786358	zeek	counter	zeek	event-handler-invocations	-	name	http_request	3.0
1717368268.786358	zeek	counter	zeek	event-handler-invocations	-	name	http_begin_entity	3.0
1717368268.786358	zeek	counter	zeek	event-handler-invocations	-	name	http_header	29.0
1717368268.786358	zeek	counter	zeek	event-handler-invocations	-	name	http_end_entity	3.0
1717368268.786358	zeek	counter	zeek	event-handler-invocations	-	name	Software::new	3.0
1717368268.786358	zeek	counter	zeek	event-handler-invocations	-	name	Software::register	3.0
1717368268.786358	zeek	counter	zeek	event-handler-invocations	-	name	http_message_done	3.0
1717368268.786358	zeek	counter	zeek	event-handler-invocations	-	name	Software::log_software	1.0
1717368268.786358	zeek	gauge	zeek	active-sessions	-	protocol	tcp	6.0
1717368268.786358	zeek	gauge	zeek	active-sessions	-	protocol	udp	0.0
1717368268.786358	zeek	gauge	zeek	active-sessions	-	protocol	icmp	0.0
1717368268.786358	zeek	counter	zeek	total-sessions	-	protocol	tcp	7.0
1717368268.786358	zeek	counter	zeek	total-sessions	-	protocol	udp	0.0
1717368268.786358	zeek	counter	zeek	total-sessions	-	protocol	icmp	0.0
1717368328.787305	zeek	gauge	process	resident_memory	bytes	(empty)	(empty)	0.0
1717368328.787305	zeek	gauge	process	virtual_memory	bytes	(empty)	(empty)	0.0
1717368328.787305	zeek	gauge	process	cpu	seconds	(empty)	(empty)	0.0
1717368328.787305	zeek	gauge	process	open_fds	-	(empty)	(empty)	0.0
1717368328.787305	zeek	counter	zeek	log-stream-writes	-	module,stream	PacketFilter,PacketFilter::LOG	1.0
1717368328.787305	zeek	counter	zeek	log-stream-writes	-	module,stream	LoadedScripts,LoadedScripts::LOG	500.0
1717368328.787305	zeek	counter	zeek	log-stream-writes	-	module,stream	Telemetry,Telemetry::LOG	93.0
1717368328.787305	zeek	counter	zeek	log-stream-writes	-	module,stream	Stats,Stats::LOG	1.0
1717368328.787305	zeek	counter	zeek	log-stream-writes	-	module,stream	Weird,Weird::LOG	3.0
1717368328.787305	zeek	counter	zeek	log-stream-writes	-	module,stream	Reporter,Reporter::LOG	1.0
1717368328.787305	zeek	counter	zeek	log-stream-writes	-	module,stream	Conn,Conn::LOG	4.0
1717368328.787305	zeek	counter	zeek	log-stream-writes	-	module,stream	Software,Software::LOG	1.0
1717368328.787305	zeek	counter	zeek	log-stream-writes	-	module,stream	Notice,Notice::LOG	1.0
1717368328.787305	zeek	counter	zeek	log-stream-writes	-	module,stream	CaptureLoss,CaptureLoss::LOG	1.0
1717368328.787305	zeek	counter	zeek	log-stream-writes	-	module,stream	HTTP,HTTP::LOG	6.0
1717368328.787305	zeek	counter	zeek	log-writer-writes	-	filter-name,module,path,stream,writer	default,PacketFilter,packet_filter,PacketFilter::LOG,Log::WRITER_ASCII	1.0
1717368328.787305	zeek	counter	zeek	log-writer-writes	-	filter-name,module,path,stream,writer	default,LoadedScripts,loaded_scripts,LoadedScripts::LOG,Log::WRITER_ASCII	500.0
1717368328.787305	zeek	counter	zeek	log-writer-writes	-	filter-name,module,path,stream,writer	default,Telemetry,telemetry,Telemetry::LOG,Log::WRITER_ASCII	93.0
1717368328.787305	zeek	counter	zeek	log-writer-writes	-	filter-name,module,path,stream,writer	default,Stats,stats,Stats::LOG,Log::WRITER_ASCII	1.0
1717368328.787305	zeek	counter	zeek	log-writer-writes	-	filter-name,module,path,stream,writer	default,Weird,weird,Weird::LOG,Log::WRITER_ASCII	3.0
1717368328.787305	zeek	counter	zeek	log-writer-writes	-	filter-name,module,path,stream,writer	default,Reporter,reporter,Reporter::LOG,Log::WRITER_ASCII	1.0
1717368328.787305	zeek	counter	zeek	log-writer-writes	-	filter-name,module,path,stream,writer	default,Conn,conn,Conn::LOG,Log::WRITER_ASCII	4.0
1717368328.787305	zeek	counter	zeek	log-writer-writes	-	filter-name,module,path,stream,writer	default,Software,software,Software::LOG,Log::WRITER_ASCII	1.0
1717368328.787305	zeek	counter	zeek	log-writer-writes	-	filter-name,module,path,stream,writer	default,Notice,notice,Notice::LOG,Log::WRITER_ASCII	1.0
1717368328.787305	zeek	counter	zeek	log-writer-writes	-	filter-name,module,path,stream,writer	default,CaptureLoss,capture_loss,CaptureLoss::LOG,Log::WRITER_ASCII	1.0
1717368328.787305	zeek	counter	zeek	log-writer-writes	-	filter-name,module,path,stream,writer	default,HTTP,http,HTTP::LOG,Log::WRITER_ASCII	6.0
1717368328.787305	zeek	gauge	zeek	version_info	-	beta,commit,debug,major,minor,patch,version_number,version_string	false,0,false,6,0,3,60003,6.0.3	1.0
1717368328.787305	zeek	counter	zeek	net-received-bytes	-	(empty)	(empty)	573693.0
1717368328.787305	zeek	counter	zeek	net-received-packets	-	(empty)	(empty)	1176.0
1717368328.787305	zeek	counter	zeek	net-dropped-packets	-	(empty)	(empty)	0.0
1717368328.787305	zeek	counter	zeek	net-link-packets	-	(empty)	(empty)	1176.0
1717368328.787305	zeek	gauge	zeek	net-packet-lag	seconds	(empty)	(empty)	0.008482
1717368328.787305	zeek	counter	zeek	event-handler-invocations	-	name	zeek_init	1.0
1717368328.787305	zeek	counter	zeek	event-handler-invocations	-	name	zeek_script_loaded	500.0
1717368328.787305	zeek	counter	zeek	event-handler-invocations	-	name	grab_vulnerable_versions	2.0
1717368328.787305	zeek	counter	zeek	event-handler-invocations	-	name	NetControl::init	1.0
1717368328.787305	zeek	counter	zeek	event-handler-invocations	-	name	filter_change_tracking	2.0
1717368328.787305	zeek	counter	zeek	event-handler-invocations	-	name	Broker::log_flush	120.0
1717368328.787305	zeek	counter	zeek	event-handler-invocations	-	name	ChecksumOffloading::check	2.0
1717368328.787305	zeek	counter	zeek	event-handler-invocations	-	name	run_sync_hook	12.0
1717368328.787305	zeek	counter	zeek	event-handler-invocations	-	name	Telemetry::log	3.0
1717368328.787305	zeek	counter	zeek	event-handler-invocations	-	name	CaptureLoss::take_measurement	2.0
1717368328.787305	zeek	counter	zeek	event-handler-invocations	-	name	check_stats	1.0
1717368328.787305	zeek	counter	zeek	event-handler-invocations	-	name	net_stats_update	1.0
1717368328.787305	zeek	counter	zeek	event-handler-invocations	-	name	SumStats::finish_epoch	8.0
1717368328.787305	zeek	counter	zeek	event-handler-invocations	-	name	new_connection	9.0
1717368328.787305	zeek	counter	zeek	event-handler-invocations	-	name	conn_weird	187.0
1717368328.787305	zeek	counter	zeek	event-handler-invocations	-	name	reporter_warning	1.0
1717368328.787305	zeek	counter	zeek	event-handler-invocations	-	name	connection_EOF	3.0
1717368328.787305	zeek	counter	zeek	event-handler-invocations	-	name	get_file_handle	10.0
1717368328.787305	zeek	counter	zeek	event-handler-invocations	-	name	connection_state_remove	4.0
1717368328.787305	zeek	counter	zeek	event-handler-invocations	-	name	analyzer_confirmation_info	1.0
1717368328.787305	zeek	counter	zeek	event-handler-invocations	-	name	http_request	6.0
1717368328.787305	zeek	counter	zeek	event-handler-invocations	-	name	http_begin_entity	6.0
1717368328.787305	zeek	counter	zeek	event-handler-invocations	-	name	http_header	58.0
1717368328.787305	zeek	counter	zeek	event-handler-invocations	-	name	http_end_entity	6.0
1717368328.787305	zeek	counter	zeek	event-handler-invocations	-	name	Software::new	6.0
1717368328.787305	zeek	counter	zeek	event-handler-invocations	-	name	Software::register	6.0
1717368328.787305	zeek	counter	zeek	event-handler-invocations	-	name	http_message_done	6.0
1717368328.787305	zeek	counter	zeek	event-handler-invocations	-	name	Software::log_software	1.0
1717368328.787305	zeek	counter	zeek	event-handler-invocations	-	name	connection_attempt	1.0
1717368328.787305	zeek	gauge	zeek	active-sessions	-	protocol	tcp	4.0
1717368328.787305	zeek	gauge	zeek	active-sessions	-	protocol	udp	1.0
1717368328.787305	zeek	gauge	zeek	active-sessions	-	protocol	icmp	0.0
1717368328.787305	zeek	counter	zeek	total-sessions	-	protocol	tcp	8.0
1717368328.787305	zeek	counter	zeek	total-sessions	-	protocol	udp	1.0
1717368328.787305	zeek	counter	zeek	total-sessions	-	protocol	icmp	0.0
1717368388.787590	zeek	gauge	process	resident_memory	bytes	(empty)	(empty)	0.0
1717368388.787590	zeek	gauge	process	virtual_memory	bytes	(empty)	(empty)	0.0
1717368388.787590	zeek	gauge	process	cpu	seconds	(empty)	(empty)	0.0
1717368388.787590	zeek	gauge	process	open_fds	-	(empty)	(empty)	0.0
1717368388.787590	zeek	counter	zeek	log-stream-writes	-	module,stream	PacketFilter,PacketFilter::LOG	1.0
1717368388.787590	zeek	counter	zeek	log-stream-writes	-	module,stream	LoadedScripts,LoadedScripts::LOG	500.0
1717368388.787590	zeek	counter	zeek	log-stream-writes	-	module,stream	Telemetry,Telemetry::LOG	160.0
1717368388.787590	zeek	counter	zeek	log-stream-writes	-	module,stream	Stats,Stats::LOG	1.0
1717368388.787590	zeek	counter	zeek	log-stream-writes	-	module,stream	Weird,Weird::LOG	4.0
1717368388.787590	zeek	counter	zeek	log-stream-writes	-	module,stream	Reporter,Reporter::LOG	1.0
1717368388.787590	zeek	counter	zeek	log-stream-writes	-	module,stream	Conn,Conn::LOG	5.0
1717368388.787590	zeek	counter	zeek	log-stream-writes	-	module,stream	Software,Software::LOG	1.0
1717368388.787590	zeek	counter	zeek	log-stream-writes	-	module,stream	Notice,Notice::LOG	1.0
1717368388.787590	zeek	counter	zeek	log-stream-writes	-	module,stream	CaptureLoss,CaptureLoss::LOG	1.0
1717368388.787590	zeek	counter	zeek	log-stream-writes	-	module,stream	HTTP,HTTP::LOG	6.0
1717368388.787590	zeek	counter	zeek	log-writer-writes	-	filter-name,module,path,stream,writer	default,PacketFilter,packet_filter,PacketFilter::LOG,Log::WRITER_ASCII	1.0
1717368388.787590	zeek	counter	zeek	log-writer-writes	-	filter-name,module,path,stream,writer	default,LoadedScripts,loaded_scripts,LoadedScripts::LOG,Log::WRITER_ASCII	500.0
1717368388.787590	zeek	counter	zeek	log-writer-writes	-	filter-name,module,path,stream,writer	default,Telemetry,telemetry,Telemetry::LOG,Log::WRITER_ASCII	160.0
1717368388.787590	zeek	counter	zeek	log-writer-writes	-	filter-name,module,path,stream,writer	default,Stats,stats,Stats::LOG,Log::WRITER_ASCII	1.0
1717368388.787590	zeek	counter	zeek	log-writer-writes	-	filter-name,module,path,stream,writer	default,Weird,weird,Weird::LOG,Log::WRITER_ASCII	4.0
1717368388.787590	zeek	counter	zeek	log-writer-writes	-	filter-name,module,path,stream,writer	default,Reporter,reporter,Reporter::LOG,Log::WRITER_ASCII	1.0
1717368388.787590	zeek	counter	zeek	log-writer-writes	-	filter-name,module,path,stream,writer	default,Conn,conn,Conn::LOG,Log::WRITER_ASCII	5.0
1717368388.787590	zeek	counter	zeek	log-writer-writes	-	filter-name,module,path,stream,writer	default,Software,software,Software::LOG,Log::WRITER_ASCII	1.0
1717368388.787590	zeek	counter	zeek	log-writer-writes	-	filter-name,module,path,stream,writer	default,Notice,notice,Notice::LOG,Log::WRITER_ASCII	1.0
1717368388.787590	zeek	counter	zeek	log-writer-writes	-	filter-name,module,path,stream,writer	default,CaptureLoss,capture_loss,CaptureLoss::LOG,Log::WRITER_ASCII	1.0
1717368388.787590	zeek	counter	zeek	log-writer-writes	-	filter-name,module,path,stream,writer	default,HTTP,http,HTTP::LOG,Log::WRITER_ASCII	6.0
1717368388.787590	zeek	gauge	zeek	version_info	-	beta,commit,debug,major,minor,patch,version_number,version_string	false,0,false,6,0,3,60003,6.0.3	1.0
1717368388.787590	zeek	counter	zeek	net-received-bytes	-	(empty)	(empty)	633011.0
1717368388.787590	zeek	counter	zeek	net-received-packets	-	(empty)	(empty)	1331.0
1717368388.787590	zeek	counter	zeek	net-dropped-packets	-	(empty)	(empty)	0.0
1717368388.787590	zeek	counter	zeek	net-link-packets	-	(empty)	(empty)	1331.0
1717368388.787590	zeek	gauge	zeek	net-packet-lag	seconds	(empty)	(empty)	0.000572
1717368388.787590	zeek	counter	zeek	event-handler-invocations	-	name	zeek_init	1.0
1717368388.787590	zeek	counter	zeek	event-handler-invocations	-	name	zeek_script_loaded	500.0
1717368388.787590	zeek	counter	zeek	event-handler-invocations	-	name	grab_vulnerable_versions	2.0
1717368388.787590	zeek	counter	zeek	event-handler-invocations	-	name	NetControl::init	1.0
1717368388.787590	zeek	counter	zeek	event-handler-invocations	-	name	filter_change_tracking	2.0
1717368388.787590	zeek	counter	zeek	event-handler-invocations	-	name	Broker::log_flush	180.0
1717368388.787590	zeek	counter	zeek	event-handler-invocations	-	name	ChecksumOffloading::check	2.0
1717368388.787590	zeek	counter	zeek	event-handler-invocations	-	name	run_sync_hook	18.0
1717368388.787590	zeek	counter	zeek	event-handler-invocations	-	name	Telemetry::log	4.0
1717368388.787590	zeek	counter	zeek	event-handler-invocations	-	name	CaptureLoss::take_measurement	2.0
1717368388.787590	zeek	counter	zeek	event-handler-invocations	-	name	check_stats	1.0
1717368388.787590	zeek	counter	zeek	event-handler-invocations	-	name	net_stats_update	1.0
1717368388.787590	zeek	counter	zeek	event-handler-invocations	-	name	SumStats::finish_epoch	8.0
1717368388.787590	zeek	counter	zeek	event-handler-invocations	-	name	new_connection	10.0
1717368388.787590	zeek	counter	zeek	event-handler-invocations	-	name	conn_weird	197.0
1717368388.787590	zeek	counter	zeek	event-handler-invocations	-	name	reporter_warning	1.0
1717368388.787590	zeek	counter	zeek	event-handler-invocations	-	name	connection_EOF	3.0
1717368388.787590	zeek	counter	zeek	event-handler-invocations	-	name	get_file_handle	13.0
1717368388.787590	zeek	counter	zeek	event-handler-invocations	-	name	connection_state_remove	5.0
1717368388.787590	zeek	counter	zeek	event-handler-invocations	-	name	analyzer_confirmation_info	2.0
1717368388.787590	zeek	counter	zeek	event-handler-invocations	-	name	http_request	9.0
1717368388.787590	zeek	counter	zeek	event-handler-invocations	-	name	http_begin_entity	9.0
1717368388.787590	zeek	counter	zeek	event-handler-invocations	-	name	http_header	87.0
1717368388.787590	zeek	counter	zeek	event-handler-invocations	-	name	http_end_entity	9.0
1717368388.787590	zeek	counter	zeek	event-handler-invocations	-	name	Software::new	9.0
1717368388.787590	zeek	counter	zeek	event-handler-invocations	-	name	Software::register	9.0
1717368388.787590	zeek	counter	zeek	event-handler-invocations	-	name	http_message_done	9.0
1717368388.787590	zeek	counter	zeek	event-handler-invocations	-	name	Software::log_software	1.0
1717368388.787590	zeek	counter	zeek	event-handler-invocations	-	name	connection_attempt	1.0
1717368388.787590	zeek	gauge	zeek	active-sessions	-	protocol	tcp	5.0
1717368388.787590	zeek	gauge	zeek	active-sessions	-	protocol	udp	0.0
1717368388.787590	zeek	gauge	zeek	active-sessions	-	protocol	icmp	0.0
1717368388.787590	zeek	counter	zeek	total-sessions	-	protocol	tcp	9.0
1717368388.787590	zeek	counter	zeek	total-sessions	-	protocol	udp	1.0
1717368388.787590	zeek	counter	zeek	total-sessions	-	protocol	icmp	0.0
1717368448.788793	zeek	gauge	process	resident_memory	bytes	(empty)	(empty)	0.0
1717368448.788793	zeek	gauge	process	virtual_memory	bytes	(empty)	(empty)	0.0
1717368448.788793	zeek	gauge	process	cpu	seconds	(empty)	(empty)	0.0
1717368448.788793	zeek	gauge	process	open_fds	-	(empty)	(empty)	0.0
1717368448.788793	zeek	counter	zeek	log-stream-writes	-	module,stream	PacketFilter,PacketFilter::LOG	1.0
1717368448.788793	zeek	counter	zeek	log-stream-writes	-	module,stream	LoadedScripts,LoadedScripts::LOG	500.0
1717368448.788793	zeek	counter	zeek	log-stream-writes	-	module,stream	Telemetry,Telemetry::LOG	227.0
1717368448.788793	zeek	counter	zeek	log-stream-writes	-	module,stream	Stats,Stats::LOG	1.0
1717368448.788793	zeek	counter	zeek	log-stream-writes	-	module,stream	Weird,Weird::LOG	5.0
1717368448.788793	zeek	counter	zeek	log-stream-writes	-	module,stream	Reporter,Reporter::LOG	1.0
1717368448.788793	zeek	counter	zeek	log-stream-writes	-	module,stream	Conn,Conn::LOG	7.0
1717368448.788793	zeek	counter	zeek	log-stream-writes	-	module,stream	Software,Software::LOG	1.0
1717368448.788793	zeek	counter	zeek	log-stream-writes	-	module,stream	Notice,Notice::LOG	1.0
1717368448.788793	zeek	counter	zeek	log-stream-writes	-	module,stream	CaptureLoss,CaptureLoss::LOG	1.0
1717368448.788793	zeek	counter	zeek	log-stream-writes	-	module,stream	HTTP,HTTP::LOG	21.0
1717368448.788793	zeek	counter	zeek	log-writer-writes	-	filter-name,module,path,stream,writer	default,PacketFilter,packet_filter,PacketFilter::LOG,Log::WRITER_ASCII	1.0
1717368448.788793	zeek	counter	zeek	log-writer-writes	-	filter-name,module,path,stream,writer	default,LoadedScripts,loaded_scripts,LoadedScripts::LOG,Log::WRITER_ASCII	500.0
1717368448.788793	zeek	counter	zeek	log-writer-writes	-	filter-name,module,path,stream,writer	default,Telemetry,telemetry,Telemetry::LOG,Log::WRITER_ASCII	227.0
1717368448.788793	zeek	counter	zeek	log-writer-writes	-	filter-name,module,path,stream,writer	default,Stats,stats,Stats::LOG,Log::WRITER_ASCII	1.0
1717368448.788793	zeek	counter	zeek	log-writer-writes	-	filter-name,module,path,stream,writer	default,Weird,weird,Weird::LOG,Log::WRITER_ASCII	5.0
1717368448.788793	zeek	counter	zeek	log-writer-writes	-	filter-name,module,path,stream,writer	default,Reporter,reporter,Reporter::LOG,Log::WRITER_ASCII	1.0
1717368448.788793	zeek	counter	zeek	log-writer-writes	-	filter-name,module,path,stream,writer	default,Conn,conn,Conn::LOG,Log::WRITER_ASCII	7.0
1717368448.788793	zeek	counter	zeek	log-writer-writes	-	filter-name,module,path,stream,writer	default,Software,software,Software::LOG,Log::WRITER_ASCII	1.0
1717368448.788793	zeek	counter	zeek	log-writer-writes	-	filter-name,module,path,stream,writer	default,Notice,notice,Notice::LOG,Log::WRITER_ASCII	1.0
1717368448.788793	zeek	counter	zeek	log-writer-writes	-	filter-name,module,path,stream,writer	default,CaptureLoss,capture_loss,CaptureLoss::LOG,Log::WRITER_ASCII	1.0
1717368448.788793	zeek	counter	zeek	log-writer-writes	-	filter-name,module,path,stream,writer	default,HTTP,http,HTTP::LOG,Log::WRITER_ASCII	21.0
1717368448.788793	zeek	gauge	zeek	version_info	-	beta,commit,debug,major,minor,patch,version_number,version_string	false,0,false,6,0,3,60003,6.0.3	1.0
1717368448.788793	zeek	counter	zeek	net-received-bytes	-	(empty)	(empty)	917025.0
1717368448.788793	zeek	counter	zeek	net-received-packets	-	(empty)	(empty)	1793.0
1717368448.788793	zeek	counter	zeek	net-dropped-packets	-	(empty)	(empty)	0.0
1717368448.788793	zeek	counter	zeek	net-link-packets	-	(empty)	(empty)	1793.0
1717368448.788793	zeek	gauge	zeek	net-packet-lag	seconds	(empty)	(empty)	0.000138
1717368448.788793	zeek	counter	zeek	event-handler-invocations	-	name	zeek_init	1.0
1717368448.788793	zeek	counter	zeek	event-handler-invocations	-	name	zeek_script_loaded	500.0
1717368448.788793	zeek	counter	zeek	event-handler-invocations	-	name	grab_vulnerable_versions	2.0
1717368448.788793	zeek	counter	zeek	event-handler-invocations	-	name	NetControl::init	1.0
1717368448.788793	zeek	counter	zeek	event-handler-invocations	-	name	filter_change_tracking	2.0
1717368448.788793	zeek	counter	zeek	event-handler-invocations	-	name	Broker::log_flush	239.0
1717368448.788793	zeek	counter	zeek	event-handler-invocations	-	name	ChecksumOffloading::check	2.0
1717368448.788793	zeek	counter	zeek	event-handler-invocations	-	name	run_sync_hook	24.0
1717368448.788793	zeek	counter	zeek	event-handler-invocations	-	name	Telemetry::log	5.0
1717368448.788793	zeek	counter	zeek	event-handler-invocations	-	name	CaptureLoss::take_measurement	2.0
1717368448.788793	zeek	counter	zeek	event-handler-invocations	-	name	check_stats	1.0
1717368448.788793	zeek	counter	zeek	event-handler-invocations	-	name	net_stats_update	1.0
1717368448.788793	zeek	counter	zeek	event-handler-invocations	-	name	SumStats::finish_epoch	8.0
1717368448.788793	zeek	counter	zeek	event-handler-invocations	-	name	new_connection	14.0
1717368448.788793	zeek	counter	zeek	event-handler-invocations	-	name	conn_weird	264.0
1717368448.788793	zeek	counter	zeek	event-handler-invocations	-	name	reporter_warning	1.0
1717368448.788793	zeek	counter	zeek	event-handler-invocations	-	name	connection_EOF	3.0
1717368448.788793	zeek	counter	zeek	event-handler-invocations	-	name	get_file_handle	27.0
1717368448.788793	zeek	counter	zeek	event-handler-invocations	-	name	connection_state_remove	7.0
1717368448.788793	zeek	counter	zeek	event-handler-invocations	-	name	analyzer_confirmation_info	3.0
1717368448.788793	zeek	counter	zeek	event-handler-invocations	-	name	http_request	21.0
1717368448.788793	zeek	counter	zeek	event-handler-invocations	-	name	http_begin_entity	21.0
1717368448.788793	zeek	counter	zeek	event-handler-invocations	-	name	http_header	203.0
1717368448.788793	zeek	counter	zeek	event-handler-invocations	-	name	http_end_entity	21.0
1717368448.788793	zeek	counter	zeek	event-handler-invocations	-	name	Software::new	21.0
1717368448.788793	zeek	counter	zeek	event-handler-invocations	-	name	Software::register	21.0
1717368448.788793	zeek	counter	zeek	event-handler-invocations	-	name	http_message_done	21.0
1717368448.788793	zeek	counter	zeek	event-handler-invocations	-	name	Software::log_software	1.0
1717368448.788793	zeek	counter	zeek	event-handler-invocations	-	name	connection_attempt	3.0
1717368448.788793	zeek	gauge	zeek	active-sessions	-	protocol	tcp	6.0
1717368448.788793	zeek	gauge	zeek	active-sessions	-	protocol	udp	1.0
1717368448.788793	zeek	gauge	zeek	active-sessions	-	protocol	icmp	0.0
1717368448.788793	zeek	counter	zeek	total-sessions	-	protocol	tcp	12.0
1717368448.788793	zeek	counter	zeek	total-sessions	-	protocol	udp	2.0
1717368448.788793	zeek	counter	zeek	total-sessions	-	protocol	icmp	0.0
1717368508.788991	zeek	gauge	process	resident_memory	bytes	(empty)	(empty)	0.0
1717368508.788991	zeek	gauge	process	virtual_memory	bytes	(empty)	(empty)	0.0
1717368508.788991	zeek	gauge	process	cpu	seconds	(empty)	(empty)	0.0
1717368508.788991	zeek	gauge	process	open_fds	-	(empty)	(empty)	0.0
1717368508.788991	zeek	counter	zeek	log-stream-writes	-	module,stream	PacketFilter,PacketFilter::LOG	1.0
1717368508.788991	zeek	counter	zeek	log-stream-writes	-	module,stream	LoadedScripts,LoadedScripts::LOG	500.0
1717368508.788991	zeek	counter	zeek	log-stream-writes	-	module,stream	Telemetry,Telemetry::LOG	294.0
1717368508.788991	zeek	counter	zeek	log-stream-writes	-	module,stream	Stats,Stats::LOG	2.0
1717368508.788991	zeek	counter	zeek	log-stream-writes	-	module,stream	Weird,Weird::LOG	6.0
1717368508.788991	zeek	counter	zeek	log-stream-writes	-	module,stream	Reporter,Reporter::LOG	1.0
1717368508.788991	zeek	counter	zeek	log-stream-writes	-	module,stream	Conn,Conn::LOG	10.0
1717368508.788991	zeek	counter	zeek	log-stream-writes	-	module,stream	Software,Software::LOG	1.0
1717368508.788991	zeek	counter	zeek	log-stream-writes	-	module,stream	Notice,Notice::LOG	1.0
1717368508.788991	zeek	counter	zeek	log-stream-writes	-	module,stream	CaptureLoss,CaptureLoss::LOG	1.0
1717368508.788991	zeek	counter	zeek	log-stream-writes	-	module,stream	HTTP,HTTP::LOG	21.0
1717368508.788991	zeek	counter	zeek	log-stream-writes	-	module,stream	Known,Known::SERVICES_LOG	1.0
1717368508.788991	zeek	counter	zeek	log-stream-writes	-	module,stream	DHCP,DHCP::LOG	1.0
1717368508.788991	zeek	counter	zeek	log-writer-writes	-	filter-name,module,path,stream,writer	default,PacketFilter,packet_filter,PacketFilter::LOG,Log::WRITER_ASCII	1.0
1717368508.788991	zeek	counter	zeek	log-writer-writes	-	filter-name,module,path,stream,writer	default,LoadedScripts,loaded_scripts,LoadedScripts::LOG,Log::WRITER_ASCII	500.0
1717368508.788991	zeek	counter	zeek	log-writer-writes	-	filter-name,module,path,stream,writer	default,Telemetry,telemetry,Telemetry::LOG,Log::WRITER_ASCII	294.0
1717368508.788991	zeek	counter	zeek	log-writer-writes	-	filter-name,module,path,stream,writer	default,Stats,stats,Stats::LOG,Log::WRITER_ASCII	2.0
1717368508.788991	zeek	counter	zeek	log-writer-writes	-	filter-name,module,path,stream,writer	default,Weird,weird,Weird::LOG,Log::WRITER_ASCII	6.0
1717368508.788991	zeek	counter	zeek	log-writer-writes	-	filter-name,module,path,stream,writer	default,Reporter,reporter,Reporter::LOG,Log::WRITER_ASCII	1.0
1717368508.788991	zeek	counter	zeek	log-writer-writes	-	filter-name,module,path,stream,writer	default,Conn,conn,Conn::LOG,Log::WRITER_ASCII	10.0
1717368508.788991	zeek	counter	zeek	log-writer-writes	-	filter-name,module,path,stream,writer	default,Software,software,Software::LOG,Log::WRITER_ASCII	1.0
1717368508.788991	zeek	counter	zeek	log-writer-writes	-	filter-name,module,path,stream,writer	default,Notice,notice,Notice::LOG,Log::WRITER_ASCII	1.0
1717368508.788991	zeek	counter	zeek	log-writer-writes	-	filter-name,module,path,stream,writer	default,CaptureLoss,capture_loss,CaptureLoss::LOG,Log::WRITER_ASCII	1.0
1717368508.788991	zeek	counter	zeek	log-writer-writes	-	filter-name,module,path,stream,writer	default,HTTP,http,HTTP::LOG,Log::WRITER_ASCII	21.0
1717368508.788991	zeek	counter	zeek	log-writer-writes	-	filter-name,module,path,stream,writer	default,Known,known_services,Known::SERVICES_LOG,Log::WRITER_ASCII	1.0
1717368508.788991	zeek	counter	zeek	log-writer-writes	-	filter-name,module,path,stream,writer	default,DHCP,dhcp,DHCP::LOG,Log::WRITER_ASCII	1.0
1717368508.788991	zeek	gauge	zeek	version_info	-	beta,commit,debug,major,minor,patch,version_number,version_string	false,0,false,6,0,3,60003,6.0.3	1.0
1717368508.788991	zeek	counter	zeek	net-received-bytes	-	(empty)	(empty)	943438.0
1717368508.788991	zeek	counter	zeek	net-received-packets	-	(empty)	(empty)	1872.0
1717368508.788991	zeek	counter	zeek	net-dropped-packets	-	(empty)	(empty)	0.0
1717368508.788991	zeek	counter	zeek	net-link-packets	-	(empty)	(empty)	1872.0
1717368508.788991	zeek	gauge	zeek	net-packet-lag	seconds	(empty)	(empty)	0.000072
1717368508.788991	zeek	counter	zeek	event-handler-invocations	-	name	zeek_init	1.0
1717368508.788991	zeek	counter	zeek	event-handler-invocations	-	name	zeek_script_loaded	500.0
1717368508.788991	zeek	counter	zeek	event-handler-invocations	-	name	grab_vulnerable_versions	2.0
1717368508.788991	zeek	counter	zeek	event-handler-invocations	-	name	NetControl::init	1.0
1717368508.788991	zeek	counter	zeek	event-handler-invocations	-	name	filter_change_tracking	3.0
1717368508.788991	zeek	counter	zeek	event-handler-invocations	-	name	Broker::log_flush	299.0
1717368508.788991	zeek	counter	zeek	event-handler-invocations	-	name	ChecksumOffloading::check	2.0
1717368508.788991	zeek	counter	zeek	event-handler-invocations	-	name	run_sync_hook	30.0
1717368508.788991	zeek	counter	zeek	event-handler-invocations	-	name	Telemetry::log	6.0
1717368508.788991	zeek	counter	zeek	event-handler-invocations	-	name	CaptureLoss::take_measurement	2.0
1717368508.788991	zeek	counter	zeek	event-handler-invocations	-	name	check_stats	2.0
1717368508.788991	zeek	counter	zeek	event-handler-invocations	-	name	net_stats_update	2.0
1717368508.788991	zeek	counter	zeek	event-handler-invocations	-	name	SumStats::finish_epoch	15.0
1717368508.788991	zeek	counter	zeek	event-handler-invocations	-	name	new_connection	16.0
1717368508.788991	zeek	counter	zeek	event-handler-invocations	-	name	conn_weird	274.0
1717368508.788991	zeek	counter	zeek	event-handler-invocations	-	name	reporter_warning	1.0
1717368508.788991	zeek	counter	zeek	event-handler-invocations	-	name	connection_EOF	5.0
1717368508.788991	zeek	counter	zeek	event-handler-invocations	-	name	get_file_handle	29.0
1717368508.788991	zeek	counter	zeek	event-handler-invocations	-	name	connection_state_remove	10.0
1717368508.788991	zeek	counter	zeek	event-handler-invocations	-	name	analyzer_confirmation_info	4.0
1717368508.788991	zeek	counter	zeek	event-handler-invocations	-	name	http_request	21.0
1717368508.788991	zeek	counter	zeek	event-handler-invocations	-	name	http_begin_entity	21.0
1717368508.788991	zeek	counter	zeek	event-handler-invocations	-	name	http_header	203.0
1717368508.788991	zeek	counter	zeek	event-handler-invocations	-	name	http_end_entity	21.0
1717368508.788991	zeek	counter	zeek	event-handler-invocations	-	name	Software::new	21.0
1717368508.788991	zeek	counter	zeek	event-handler-invocations	-	name	Software::register	21.0
1717368508.788991	zeek	counter	zeek	event-handler-invocations	-	name	http_message_done	21.0
1717368508.788991	zeek	counter	zeek	event-handler-invocations	-	name	Software::log_software	1.0
1717368508.788991	zeek	counter	zeek	event-handler-invocations	-	name	connection_attempt	3.0
1717368508.788991	zeek	counter	zeek	event-handler-invocations	-	name	dhcp_message	1.0
1717368508.788991	zeek	counter	zeek	event-handler-invocations	-	name	DHCP::aggregate_msgs	1.0
1717368508.788991	zeek	counter	zeek	event-handler-invocations	-	name	service_info_commit	1.0
1717368508.788991	zeek	counter	zeek	event-handler-invocations	-	name	known_service_add	1.0
1717368508.788991	zeek	gauge	zeek	active-sessions	-	protocol	tcp	4.0
1717368508.788991	zeek	gauge	zeek	active-sessions	-	protocol	udp	1.0
1717368508.788991	zeek	gauge	zeek	active-sessions	-	protocol	icmp	1.0
1717368508.788991	zeek	counter	zeek	total-sessions	-	protocol	tcp	12.0
1717368508.788991	zeek	counter	zeek	total-sessions	-	protocol	udp	3.0
1717368508.788991	zeek	counter	zeek	total-sessions	-	protocol	icmp	1.0
1717368568.791356	zeek	gauge	process	resident_memory	bytes	(empty)	(empty)	0.0
1717368568.791356	zeek	gauge	process	virtual_memory	bytes	(empty)	(empty)	0.0
1717368568.791356	zeek	gauge	process	cpu	seconds	(empty)	(empty)	0.0
1717368568.791356	zeek	gauge	process	open_fds	-	(empty)	(empty)	0.0
1717368568.791356	zeek	counter	zeek	log-stream-writes	-	module,stream	PacketFilter,PacketFilter::LOG	1.0
1717368568.791356	zeek	counter	zeek	log-stream-writes	-	module,stream	LoadedScripts,LoadedScripts::LOG	500.0
1717368568.791356	zeek	counter	zeek	log-stream-writes	-	module,stream	Telemetry,Telemetry::LOG	369.0
1717368568.791356	zeek	counter	zeek	log-stream-writes	-	module,stream	Stats,Stats::LOG	2.0
1717368568.791356	zeek	counter	zeek	log-stream-writes	-	module,stream	Weird,Weird::LOG	9.0
1717368568.791356	zeek	counter	zeek	log-stream-writes	-	module,stream	Reporter,Reporter::LOG	1.0
1717368568.791356	zeek	counter	zeek	log-stream-writes	-	module,stream	Conn,Conn::LOG	16.0
1717368568.791356	zeek	counter	zeek	log-stream-writes	-	module,stream	Software,Software::LOG	1.0
1717368568.791356	zeek	counter	zeek	log-stream-writes	-	module,stream	Notice,Notice::LOG	1.0
1717368568.791356	zeek	counter	zeek	log-stream-writes	-	module,stream	CaptureLoss,CaptureLoss::LOG	1.0
1717368568.791356	zeek	counter	zeek	log-stream-writes	-	module,stream	HTTP,HTTP::LOG	33.0
1717368568.791356	zeek	counter	zeek	log-stream-writes	-	module,stream	Known,Known::SERVICES_LOG	1.0
1717368568.791356	zeek	counter	zeek	log-stream-writes	-	module,stream	DHCP,DHCP::LOG	1.0
1717368568.791356	zeek	counter	zeek	log-writer-writes	-	filter-name,module,path,stream,writer	default,PacketFilter,packet_filter,PacketFilter::LOG,Log::WRITER_ASCII	1.0
1717368568.791356	zeek	counter	zeek	log-writer-writes	-	filter-name,module,path,stream,writer	default,LoadedScripts,loaded_scripts,LoadedScripts::LOG,Log::WRITER_ASCII	500.0
1717368568.791356	zeek	counter	zeek	log-writer-writes	-	filter-name,module,path,stream,writer	default,Telemetry,telemetry,Telemetry::LOG,Log::WRITER_ASCII	369.0
1717368568.791356	zeek	counter	zeek	log-writer-writes	-	filter-name,module,path,stream,writer	default,Stats,stats,Stats::LOG,Log::WRITER_ASCII	2.0
1717368568.791356	zeek	counter	zeek	log-writer-writes	-	filter-name,module,path,stream,writer	default,Weird,weird,Weird::LOG,Log::WRITER_ASCII	9.0
1717368568.791356	zeek	counter	zeek	log-writer-writes	-	filter-name,module,path,stream,writer	default,Reporter,reporter,Reporter::LOG,Log::WRITER_ASCII	1.0
1717368568.791356	zeek	counter	zeek	log-writer-writes	-	filter-name,module,path,stream,writer	default,Conn,conn,Conn::LOG,Log::WRITER_ASCII	16.0
1717368568.791356	zeek	counter	zeek	log-writer-writes	-	filter-name,module,path,stream,writer	default,Software,software,Software::LOG,Log::WRITER_ASCII	1.0
1717368568.791356	zeek	counter	zeek	log-writer-writes	-	filter-name,module,path,stream,writer	default,Notice,notice,Notice::LOG,Log::WRITER_ASCII	1.0
1717368568.791356	zeek	counter	zeek	log-writer-writes	-	filter-name,module,path,stream,writer	default,CaptureLoss,capture_loss,CaptureLoss::LOG,Log::WRITER_ASCII	1.0
1717368568.791356	zeek	counter	zeek	log-writer-writes	-	filter-name,module,path,stream,writer	default,HTTP,http,HTTP::LOG,Log::WRITER_ASCII	33.0
1717368568.791356	zeek	counter	zeek	log-writer-writes	-	filter-name,module,path,stream,writer	default,Known,known_services,Known::SERVICES_LOG,Log::WRITER_ASCII	1.0
1717368568.791356	zeek	counter	zeek	log-writer-writes	-	filter-name,module,path,stream,writer	default,DHCP,dhcp,DHCP::LOG,Log::WRITER_ASCII	1.0
1717368568.791356	zeek	gauge	zeek	version_info	-	beta,commit,debug,major,minor,patch,version_number,version_string	false,0,false,6,0,3,60003,6.0.3	1.0
1717368568.791356	zeek	counter	zeek	net-received-bytes	-	(empty)	(empty)	1240831.0
1717368568.791356	zeek	counter	zeek	net-received-packets	-	(empty)	(empty)	2337.0
1717368568.791356	zeek	counter	zeek	net-dropped-packets	-	(empty)	(empty)	0.0
1717368568.791356	zeek	counter	zeek	net-link-packets	-	(empty)	(empty)	2337.0
1717368568.791356	zeek	gauge	zeek	net-packet-lag	seconds	(empty)	(empty)	0.000126
1717368568.791356	zeek	counter	zeek	event-handler-invocations	-	name	zeek_init	1.0
1717368568.791356	zeek	counter	zeek	event-handler-invocations	-	name	zeek_script_loaded	500.0
1717368568.791356	zeek	counter	zeek	event-handler-invocations	-	name	grab_vulnerable_versions	2.0
1717368568.791356	zeek	counter	zeek	event-handler-invocations	-	name	NetControl::init	1.0
1717368568.791356	zeek	counter	zeek	event-handler-invocations	-	name	filter_change_tracking	3.0
1717368568.791356	zeek	counter	zeek	event-handler-invocations	-	name	Broker::log_flush	359.0
1717368568.791356	zeek	counter	zeek	event-handler-invocations	-	name	ChecksumOffloading::check	2.0
1717368568.791356	zeek	counter	zeek	event-handler-invocations	-	name	run_sync_hook	36.0
1717368568.791356	zeek	counter	zeek	event-handler-invocations	-	name	Telemetry::log	7.0
1717368568.791356	zeek	counter	zeek	event-handler-invocations	-	name	CaptureLoss::take_measurement	2.0
1717368568.791356	zeek	counter	zeek	event-handler-invocations	-	name	check_stats	2.0
1717368568.791356	zeek	counter	zeek	event-handler-invocations	-	name	net_stats_update	2.0
1717368568.791356	zeek	counter	zeek	event-handler-invocations	-	name	SumStats::finish_epoch	15.0
1717368568.791356	zeek	counter	zeek	event-handler-invocations	-	name	new_connection	23.0
1717368568.791356	zeek	counter	zeek	event-handler-invocations	-	name	conn_weird	348.0
1717368568.791356	zeek	counter	zeek	event-handler-invocations	-	name	reporter_warning	1.0
1717368568.791356	zeek	counter	zeek	event-handler-invocations	-	name	connection_EOF	5.0
1717368568.791356	zeek	counter	zeek	event-handler-invocations	-	name	get_file_handle	43.0
1717368568.791356	zeek	counter	zeek	event-handler-invocations	-	name	connection_state_remove	16.0
1717368568.791356	zeek	counter	zeek	event-handler-invocations	-	name	analyzer_confirmation_info	6.0
1717368568.791356	zeek	counter	zeek	event-handler-invocations	-	name	http_request	33.0
1717368568.791356	zeek	counter	zeek	event-handler-invocations	-	name	http_begin_entity	33.0
1717368568.791356	zeek	counter	zeek	event-handler-invocations	-	name	http_header	319.0
1717368568.791356	zeek	counter	zeek	event-handler-invocations	-	name	http_end_entity	33.0
1717368568.791356	zeek	counter	zeek	event-handler-invocations	-	name	Software::new	33.0
1717368568.791356	zeek	counter	zeek	event-handler-invocations	-	name	Software::register	33.0
1717368568.791356	zeek	counter	zeek	event-handler-invocations	-	name	http_message_done	33.0
1717368568.791356	zeek	counter	zeek	event-handler-invocations	-	name	Software::log_software	1.0
1717368568.791356	zeek	counter	zeek	event-handler-invocations	-	name	connection_attempt	5.0
1717368568.791356	zeek	counter	zeek	event-handler-invocations	-	name	dhcp_message	1.0
1717368568.791356	zeek	counter	zeek	event-handler-invocations	-	name	DHCP::aggregate_msgs	1.0
1717368568.791356	zeek	counter	zeek	event-handler-invocations	-	name	service_info_commit	1.0
1717368568.791356	zeek	counter	zeek	event-handler-invocations	-	name	known_service_add	1.0
1717368568.791356	zeek	gauge	zeek	active-sessions	-	protocol	tcp	6.0
1717368568.791356	zeek	gauge	zeek	active-sessions	-	protocol	udp	1.0
1717368568.791356	zeek	gauge	zeek	active-sessions	-	protocol	icmp	0.0
1717368568.791356	zeek	counter	zeek	total-sessions	-	protocol	tcp	16.0
1717368568.791356	zeek	counter	zeek	total-sessions	-	protocol	udp	6.0
1717368568.791356	zeek	counter	zeek	total-sessions	-	protocol	icmp	1.0
1717368611.236852	zeek	gauge	process	resident_memory	bytes	(empty)	(empty)	0.0
1717368611.236852	zeek	gauge	process	virtual_memory	bytes	(empty)	(empty)	0.0
1717368611.236852	zeek	gauge	process	cpu	seconds	(empty)	(empty)	0.0
1717368611.236852	zeek	gauge	process	open_fds	-	(empty)	(empty)	0.0
1717368611.236852	zeek	counter	zeek	log-stream-writes	-	module,stream	PacketFilter,PacketFilter::LOG	1.0
1717368611.236852	zeek	counter	zeek	log-stream-writes	-	module,stream	LoadedScripts,LoadedScripts::LOG	500.0
1717368611.236852	zeek	counter	zeek	log-stream-writes	-	module,stream	Telemetry,Telemetry::LOG	444.0
1717368611.236852	zeek	counter	zeek	log-stream-writes	-	module,stream	Stats,Stats::LOG	3.0
1717368611.236852	zeek	counter	zeek	log-stream-writes	-	module,stream	Weird,Weird::LOG	9.0
1717368611.236852	zeek	counter	zeek	log-stream-writes	-	module,stream	Reporter,Reporter::LOG	3.0
1717368611.236852	zeek	counter	zeek	log-stream-writes	-	module,stream	Conn,Conn::LOG	23.0
1717368611.236852	zeek	counter	zeek	log-stream-writes	-	module,stream	Software,Software::LOG	1.0
1717368611.236852	zeek	counter	zeek	log-stream-writes	-	module,stream	Notice,Notice::LOG	2.0
1717368611.236852	zeek	counter	zeek	log-stream-writes	-	module,stream	CaptureLoss,CaptureLoss::LOG	2.0
1717368611.236852	zeek	counter	zeek	log-stream-writes	-	module,stream	HTTP,HTTP::LOG	33.0
1717368611.236852	zeek	counter	zeek	log-stream-writes	-	module,stream	Known,Known::SERVICES_LOG	2.0
1717368611.236852	zeek	counter	zeek	log-stream-writes	-	module,stream	DHCP,DHCP::LOG	1.0
1717368611.236852	zeek	counter	zeek	log-writer-writes	-	filter-name,module,path,stream,writer	default,PacketFilter,packet_filter,PacketFilter::LOG,Log::WRITER_ASCII	1.0
1717368611.236852	zeek	counter	zeek	log-writer-writes	-	filter-name,module,path,stream,writer	default,LoadedScripts,loaded_scripts,LoadedScripts::LOG,Log::WRITER_ASCII	500.0
1717368611.236852	zeek	counter	zeek	log-writer-writes	-	filter-name,module,path,stream,writer	default,Telemetry,telemetry,Telemetry::LOG,Log::WRITER_ASCII	444.0
1717368611.236852	zeek	counter	zeek	log-writer-writes	-	filter-name,module,path,stream,writer	default,Stats,stats,Stats::LOG,Log::WRITER_ASCII	3.0
1717368611.236852	zeek	counter	zeek	log-writer-writes	-	filter-name,module,path,stream,writer	default,Weird,weird,Weird::LOG,Log::WRITER_ASCII	9.0
1717368611.236852	zeek	counter	zeek	log-writer-writes	-	filter-name,module,path,stream,writer	default,Reporter,reporter,Reporter::LOG,Log::WRITER_ASCII	3.0
1717368611.236852	zeek	counter	zeek	log-writer-writes	-	filter-name,module,path,stream,writer	default,Conn,conn,Conn::LOG,Log::WRITER_ASCII	23.0
1717368611.236852	zeek	counter	zeek	log-writer-writes	-	filter-name,module,path,stream,writer	default,Software,software,Software::LOG,Log::WRITER_ASCII	1.0
1717368611.236852	zeek	counter	zeek	log-writer-writes	-	filter-name,module,path,stream,writer	default,Notice,notice,Notice::LOG,Log::WRITER_ASCII	2.0
1717368611.236852	zeek	counter	zeek	log-writer-writes	-	filter-name,module,path,stream,writer	default,CaptureLoss,capture_loss,CaptureLoss::LOG,Log::WRITER_ASCII	2.0
1717368611.236852	zeek	counter	zeek	log-writer-writes	-	filter-name,module,path,stream,writer	default,HTTP,http,HTTP::LOG,Log::WRITER_ASCII	33.0
1717368611.236852	zeek	counter	zeek	log-writer-writes	-	filter-name,module,path,stream,writer	default,Known,known_services,Known::SERVICES_LOG,Log::WRITER_ASCII	2.0
1717368611.236852	zeek	counter	zeek	log-writer-writes	-	filter-name,module,path,stream,writer	default,DHCP,dhcp,DHCP::LOG,Log::WRITER_ASCII	1.0
1717368611.236852	zeek	gauge	zeek	version_info	-	beta,commit,debug,major,minor,patch,version_number,version_string	false,0,false,6,0,3,60003,6.0.3	1.0
1717368611.236852	zeek	counter	zeek	net-received-bytes	-	(empty)	(empty)	1435109.0
1717368611.236852	zeek	counter	zeek	net-received-packets	-	(empty)	(empty)	2701.0
1717368611.236852	zeek	counter	zeek	net-dropped-packets	-	(empty)	(empty)	0.0
1717368611.236852	zeek	counter	zeek	net-link-packets	-	(empty)	(empty)	2702.0
1717368611.236852	zeek	gauge	zeek	net-packet-lag	seconds	(empty)	(empty)	0.031863
1717368611.236852	zeek	counter	zeek	event-handler-invocations	-	name	zeek_init	1.0
1717368611.236852	zeek	counter	zeek	event-handler-invocations	-	name	zeek_script_loaded	500.0
1717368611.236852	zeek	counter	zeek	event-handler-invocations	-	name	grab_vulnerable_versions	3.0
1717368611.236852	zeek	counter	zeek	event-handler-invocations	-	name	NetControl::init	1.0
1717368611.236852	zeek	counter	zeek	event-handler-invocations	-	name	filter_change_tracking	4.0
1717368611.236852	zeek	counter	zeek	event-handler-invocations	-	name	Broker::log_flush	402.0
1717368611.236852	zeek	counter	zeek	event-handler-invocations	-	name	ChecksumOffloading::check	2.0
1717368611.236852	zeek	counter	zeek	event-handler-invocations	-	name	run_sync_hook	42.0
1717368611.236852	zeek	counter	zeek	event-handler-invocations	-	name	Telemetry::log	8.0
1717368611.236852	zeek	counter	zeek	event-handler-invocations	-	name	CaptureLoss::take_measurement	3.0
1717368611.236852	zeek	counter	zeek	event-handler-invocations	-	name	check_stats	3.0
1717368611.236852	zeek	counter	zeek	event-handler-invocations	-	name	net_stats_update	3.0
1717368611.236852	zeek	counter	zeek	event-handler-invocations	-	name	SumStats::finish_epoch	23.0
1717368611.236852	zeek	counter	zeek	event-handler-invocations	-	name	new_connection	23.0
1717368611.236852	zeek	counter	zeek	event-handler-invocations	-	name	conn_weird	367.0
1717368611.236852	zeek	counter	zeek	event-handler-invocations	-	name	reporter_warning	1.0
1717368611.236852	zeek	counter	zeek	event-handler-invocations	-	name	connection_EOF	5.0
1717368611.236852	zeek	counter	zeek	event-handler-invocations	-	name	get_file_handle	46.0
1717368611.236852	zeek	counter	zeek	event-handler-invocations	-	name	connection_state_remove	23.0
1717368611.236852	zeek	counter	zeek	event-handler-invocations	-	name	analyzer_confirmation_info	6.0
1717368611.236852	zeek	counter	zeek	event-handler-invocations	-	name	http_request	33.0
1717368611.236852	zeek	counter	zeek	event-handler-invocations	-	name	http_begin_entity	33.0
1717368611.236852	zeek	counter	zeek	event-handler-invocations	-	name	http_header	319.0
1717368611.236852	zeek	counter	zeek	event-handler-invocations	-	name	http_end_entity	33.0
1717368611.236852	zeek	counter	zeek	event-handler-invocations	-	name	Software::new	33.0
1717368611.236852	zeek	counter	zeek	event-handler-invocations	-	name	Software::register	33.0
1717368611.236852	zeek	counter	zeek	event-handler-invocations	-	name	http_message_done	33.0
1717368611.236852	zeek	counter	zeek	event-handler-invocations	-	name	Software::log_software	1.0
1717368611.236852	zeek	counter	zeek	event-handler-invocations	-	name	connection_attempt	5.0
1717368611.236852	zeek	counter	zeek	event-handler-invocations	-	name	dhcp_message	1.0
1717368611.236852	zeek	counter	zeek	event-handler-invocations	-	name	DHCP::aggregate_msgs	1.0
1717368611.236852	zeek	counter	zeek	event-handler-invocations	-	name	service_info_commit	3.0
1717368611.236852	zeek	counter	zeek	event-handler-invocations	-	name	known_service_add	3.0
1717368611.236852	zeek	counter	zeek	event-handler-invocations	-	name	reporter_info	2.0
1717368611.236852	zeek	counter	zeek	event-handler-invocations	-	name	net_done	1.0
1717368611.236852	zeek	counter	zeek	event-handler-invocations	-	name	zeek_done	1.0
1717368611.236852	zeek	gauge	zeek	active-sessions	-	protocol	tcp	6.0
1717368611.236852	zeek	gauge	zeek	active-sessions	-	protocol	udp	0.0
1717368611.236852	zeek	gauge	zeek	active-sessions	-	protocol	icmp	0.0
1717368611.236852	zeek	counter	zeek	total-sessions	-	protocol	tcp	16.0
1717368611.236852	zeek	counter	zeek	total-sessions	-	protocol	udp	6.0
1717368611.236852	zeek	counter	zeek	total-sessions	-	protocol	icmp	1.0
#close	2024-06-03-05-50-11
