#separator \x09
#set_separator	,
#empty_field	(empty)
#unset_field	-
#path	telemetry
#open	2024-06-03-06-18-08
#fields	ts	peer	metric_type	prefix	name	unit	labels	label_values	value
#types	time	string	string	string	string	string	vector[string]	vector[string]	double
1717370288.653948	zeek	gauge	process	resident_memory	bytes	(empty)	(empty)	0.0
1717370288.653948	zeek	gauge	process	virtual_memory	bytes	(empty)	(empty)	0.0
1717370288.653948	zeek	gauge	process	cpu	seconds	(empty)	(empty)	0.0
1717370288.653948	zeek	gauge	process	open_fds	-	(empty)	(empty)	0.0
1717370288.653948	zeek	counter	zeek	log-stream-writes	-	module,stream	PacketFilter,PacketFilter::LOG	1.0
1717370288.653948	zeek	counter	zeek	log-stream-writes	-	module,stream	LoadedScripts,LoadedScripts::LOG	500.0
1717370288.653948	zeek	counter	zeek	log-writer-writes	-	filter-name,module,path,stream,writer	default,PacketFilter,packet_filter,PacketFilter::LOG,Log::WRITER_ASCII	1.0
1717370288.653948	zeek	counter	zeek	log-writer-writes	-	filter-name,module,path,stream,writer	default,LoadedScripts,loaded_scripts,LoadedScripts::LOG,Log::WRITER_ASCII	500.0
1717370288.653948	zeek	gauge	zeek	version_info	-	beta,commit,debug,major,minor,patch,version_number,version_string	false,0,false,6,0,3,60003,6.0.3	1.0
1717370288.653948	zeek	counter	zeek	net-received-bytes	-	(empty)	(empty)	580.0
1717370288.653948	zeek	counter	zeek	net-received-packets	-	(empty)	(empty)	1.0
1717370288.653948	zeek	counter	zeek	net-dropped-packets	-	(empty)	(empty)	0.0
1717370288.653948	zeek	counter	zeek	net-link-packets	-	(empty)	(empty)	2.0
1717370288.653948	zeek	gauge	zeek	net-packet-lag	seconds	(empty)	(empty)	0.002992
1717370288.653948	zeek	counter	zeek	event-handler-invocations	-	name	zeek_init	1.0
1717370288.653948	zeek	counter	zeek	event-handler-invocations	-	name	zeek_script_loaded	500.0
1717370288.653948	zeek	counter	zeek	event-handler-invocations	-	name	grab_vulnerable_versions	1.0
1717370288.653948	zeek	counter	zeek	event-handler-invocations	-	name	NetControl::init	1.0
1717370288.653948	zeek	counter	zeek	event-handler-invocations	-	name	filter_change_tracking	1.0
1717370288.653948	zeek	counter	zeek	event-handler-invocations	-	name	Broker::log_flush	1.0
1717370288.653948	zeek	counter	zeek	event-handler-invocations	-	name	ChecksumOffloading::check	1.0
1717370288.653948	zeek	counter	zeek	event-handler-invocations	-	name	run_sync_hook	1.0
1717370288.653948	zeek	counter	zeek	event-handler-invocations	-	name	Telemetry::log	1.0
1717370288.653948	zeek	gauge	zeek	active-sessions	-	protocol	tcp	1.0
1717370288.653948	zeek	gauge	zeek	active-sessions	-	protocol	udp	0.0
1717370288.653948	zeek	gauge	zeek	active-sessions	-	protocol	icmp	0.0
1717370288.653948	zeek	counter	zeek	total-sessions	-	protocol	tcp	1.0
1717370288.653948	zeek	counter	zeek	total-sessions	-	protocol	udp	0.0
1717370288.653948	zeek	counter	zeek	total-sessions	-	protocol	icmp	0.0
