#separator \x09
#set_separator	,
#empty_field	(empty)
#unset_field	-
#path	telemetry
#open	2024-06-21-11-41-12
#fields	ts	peer	metric_type	prefix	name	unit	labels	label_values	value
#types	time	string	string	string	string	string	vector[string]	vector[string]	double
1718944872.747961	zeek	gauge	process	resident_memory	bytes	(empty)	(empty)	0.0
1718944872.747961	zeek	gauge	process	virtual_memory	bytes	(empty)	(empty)	0.0
1718944872.747961	zeek	gauge	process	cpu	seconds	(empty)	(empty)	0.0
1718944872.747961	zeek	gauge	process	open_fds	-	(empty)	(empty)	0.0
1718944872.747961	zeek	counter	zeek	log-stream-writes	-	module,stream	PacketFilter,PacketFilter::LOG	1.0
1718944872.747961	zeek	counter	zeek	log-stream-writes	-	module,stream	LoadedScripts,LoadedScripts::LOG	500.0
1718944872.747961	zeek	counter	zeek	log-writer-writes	-	filter-name,module,path,stream,writer	default,PacketFilter,packet_filter,PacketFilter::LOG,Log::WRITER_ASCII	1.0
1718944872.747961	zeek	counter	zeek	log-writer-writes	-	filter-name,module,path,stream,writer	default,LoadedScripts,loaded_scripts,LoadedScripts::LOG,Log::WRITER_ASCII	500.0
1718944872.747961	zeek	gauge	zeek	version_info	-	beta,commit,debug,major,minor,patch,version_number,version_string	false,0,false,6,0,3,60003,6.0.3	1.0
1718944872.747961	zeek	counter	zeek	net-received-bytes	-	(empty)	(empty)	0.0
1718944872.747961	zeek	counter	zeek	net-received-packets	-	(empty)	(empty)	0.0
1718944872.747961	zeek	counter	zeek	net-dropped-packets	-	(empty)	(empty)	0.0
1718944872.747961	zeek	counter	zeek	net-link-packets	-	(empty)	(empty)	0.0
1718944872.747961	zeek	gauge	zeek	net-packet-lag	seconds	(empty)	(empty)	0.000121
1718944872.747961	zeek	counter	zeek	event-handler-invocations	-	name	zeek_init	1.0
1718944872.747961	zeek	counter	zeek	event-handler-invocations	-	name	zeek_script_loaded	500.0
1718944872.747961	zeek	counter	zeek	event-handler-invocations	-	name	grab_vulnerable_versions	1.0
1718944872.747961	zeek	counter	zeek	event-handler-invocations	-	name	NetControl::init	1.0
1718944872.747961	zeek	counter	zeek	event-handler-invocations	-	name	filter_change_tracking	1.0
1718944872.747961	zeek	counter	zeek	event-handler-invocations	-	name	Broker::log_flush	1.0
1718944872.747961	zeek	counter	zeek	event-handler-invocations	-	name	ChecksumOffloading::check	1.0
1718944872.747961	zeek	counter	zeek	event-handler-invocations	-	name	run_sync_hook	1.0
1718944872.747961	zeek	counter	zeek	event-handler-invocations	-	name	Telemetry::log	1.0
1718944872.747961	zeek	gauge	zeek	active-sessions	-	protocol	tcp	0.0
1718944872.747961	zeek	gauge	zeek	active-sessions	-	protocol	udp	0.0
1718944872.747961	zeek	gauge	zeek	active-sessions	-	protocol	icmp	0.0
1718944872.747961	zeek	counter	zeek	total-sessions	-	protocol	tcp	0.0
1718944872.747961	zeek	counter	zeek	total-sessions	-	protocol	udp	0.0
1718944872.747961	zeek	counter	zeek	total-sessions	-	protocol	icmp	0.0
1718944932.749126	zeek	gauge	process	resident_memory	bytes	(empty)	(empty)	0.0
1718944932.749126	zeek	gauge	process	virtual_memory	bytes	(empty)	(empty)	0.0
1718944932.749126	zeek	gauge	process	cpu	seconds	(empty)	(empty)	0.0
1718944932.749126	zeek	gauge	process	open_fds	-	(empty)	(empty)	0.0
1718944932.749126	zeek	counter	zeek	log-stream-writes	-	module,stream	PacketFilter,PacketFilter::LOG	1.0
1718944932.749126	zeek	counter	zeek	log-stream-writes	-	module,stream	LoadedScripts,LoadedScripts::LOG	500.0
1718944932.749126	zeek	counter	zeek	log-stream-writes	-	module,stream	Telemetry,Telemetry::LOG	29.0
1718944932.749126	zeek	counter	zeek	log-stream-writes	-	module,stream	Stats,Stats::LOG	1.0
1718944932.749126	zeek	counter	zeek	log-stream-writes	-	module,stream	Weird,Weird::LOG	27.0
1718944932.749126	zeek	counter	zeek	log-stream-writes	-	module,stream	Known,Known::HOSTS_LOG	2.0
1718944932.749126	zeek	counter	zeek	log-stream-writes	-	module,stream	Known,Known::SERVICES_LOG	1.0
1718944932.749126	zeek	counter	zeek	log-stream-writes	-	module,stream	Software,Software::LOG	2.0
1718944932.749126	zeek	counter	zeek	log-stream-writes	-	module,stream	Files,Files::LOG	4.0
1718944932.749126	zeek	counter	zeek	log-stream-writes	-	module,stream	HTTP,HTTP::LOG	97.0
1718944932.749126	zeek	counter	zeek	log-stream-writes	-	module,stream	Conn,Conn::LOG	73.0
1718944932.749126	zeek	counter	zeek	log-stream-writes	-	module,stream	Reporter,Reporter::LOG	1.0
1718944932.749126	zeek	counter	zeek	log-stream-writes	-	module,stream	DNS,DNS::LOG	2.0
1718944932.749126	zeek	counter	zeek	log-stream-writes	-	module,stream	Notice,Notice::LOG	1.0
1718944932.749126	zeek	counter	zeek	log-stream-writes	-	module,stream	CaptureLoss,CaptureLoss::LOG	1.0
1718944932.749126	zeek	counter	zeek	log-writer-writes	-	filter-name,module,path,stream,writer	default,PacketFilter,packet_filter,PacketFilter::LOG,Log::WRITER_ASCII	1.0
1718944932.749126	zeek	counter	zeek	log-writer-writes	-	filter-name,module,path,stream,writer	default,LoadedScripts,loaded_scripts,LoadedScripts::LOG,Log::WRITER_ASCII	500.0
1718944932.749126	zeek	counter	zeek	log-writer-writes	-	filter-name,module,path,stream,writer	default,Telemetry,telemetry,Telemetry::LOG,Log::WRITER_ASCII	29.0
1718944932.749126	zeek	counter	zeek	log-writer-writes	-	filter-name,module,path,stream,writer	default,Stats,stats,Stats::LOG,Log::WRITER_ASCII	1.0
1718944932.749126	zeek	counter	zeek	log-writer-writes	-	filter-name,module,path,stream,writer	default,Weird,weird,Weird::LOG,Log::WRITER_ASCII	27.0
1718944932.749126	zeek	counter	zeek	log-writer-writes	-	filter-name,module,path,stream,writer	default,Known,known_hosts,Known::HOSTS_LOG,Log::WRITER_ASCII	2.0
1718944932.749126	zeek	counter	zeek	log-writer-writes	-	filter-name,module,path,stream,writer	default,Known,known_services,Known::SERVICES_LOG,Log::WRITER_ASCII	1.0
1718944932.749126	zeek	counter	zeek	log-writer-writes	-	filter-name,module,path,stream,writer	default,Software,software,Software::LOG,Log::WRITER_ASCII	2.0
1718944932.749126	zeek	counter	zeek	log-writer-writes	-	filter-name,module,path,stream,writer	default,Files,files,Files::LOG,Log::WRITER_ASCII	4.0
1718944932.749126	zeek	counter	zeek	log-writer-writes	-	filter-name,module,path,stream,writer	default,HTTP,http,HTTP::LOG,Log::WRITER_ASCII	97.0
1718944932.749126	zeek	counter	zeek	log-writer-writes	-	filter-name,module,path,stream,writer	default,Conn,conn,Conn::LOG,Log::WRITER_ASCII	73.0
1718944932.749126	zeek	counter	zeek	log-writer-writes	-	filter-name,module,path,stream,writer	default,Reporter,reporter,Reporter::LOG,Log::WRITER_ASCII	1.0
1718944932.749126	zeek	counter	zeek	log-writer-writes	-	filter-name,module,path,stream,writer	default,DNS,dns,DNS::LOG,Log::WRITER_ASCII	2.0
1718944932.749126	zeek	counter	zeek	log-writer-writes	-	filter-name,module,path,stream,writer	default,Notice,notice,Notice::LOG,Log::WRITER_ASCII	1.0
1718944932.749126	zeek	counter	zeek	log-writer-writes	-	filter-name,module,path,stream,writer	default,CaptureLoss,capture_loss,CaptureLoss::LOG,Log::WRITER_ASCII	1.0
1718944932.749126	zeek	gauge	zeek	version_info	-	beta,commit,debug,major,minor,patch,version_number,version_string	false,0,false,6,0,3,60003,6.0.3	1.0
1718944932.749126	zeek	counter	zeek	net-received-bytes	-	(empty)	(empty)	235546.0
1718944932.749126	zeek	counter	zeek	net-received-packets	-	(empty)	(empty)	829.0
1718944932.749126	zeek	counter	zeek	net-dropped-packets	-	(empty)	(empty)	0.0
1718944932.749126	zeek	counter	zeek	net-link-packets	-	(empty)	(empty)	829.0
1718944932.749126	zeek	gauge	zeek	net-packet-lag	seconds	(empty)	(empty)	0.000226
1718944932.749126	zeek	counter	zeek	event-handler-invocations	-	name	zeek_init	1.0
1718944932.749126	zeek	counter	zeek	event-handler-invocations	-	name	zeek_script_loaded	500.0
1718944932.749126	zeek	counter	zeek	event-handler-invocations	-	name	grab_vulnerable_versions	2.0
1718944932.749126	zeek	counter	zeek	event-handler-invocations	-	name	NetControl::init	1.0
1718944932.749126	zeek	counter	zeek	event-handler-invocations	-	name	filter_change_tracking	2.0
1718944932.749126	zeek	counter	zeek	event-handler-invocations	-	name	Broker::log_flush	60.0
1718944932.749126	zeek	counter	zeek	event-handler-invocations	-	name	ChecksumOffloading::check	2.0
1718944932.749126	zeek	counter	zeek	event-handler-invocations	-	name	run_sync_hook	6.0
1718944932.749126	zeek	counter	zeek	event-handler-invocations	-	name	Telemetry::log	2.0
1718944932.749126	zeek	counter	zeek	event-handler-invocations	-	name	CaptureLoss::take_measurement	2.0
1718944932.749126	zeek	counter	zeek	event-handler-invocations	-	name	check_stats	1.0
1718944932.749126	zeek	counter	zeek	event-handler-invocations	-	name	net_stats_update	1.0
1718944932.749126	zeek	counter	zeek	event-handler-invocations	-	name	SumStats::finish_epoch	8.0
1718944932.749126	zeek	counter	zeek	event-handler-invocations	-	name	new_connection	86.0
1718944932.749126	zeek	counter	zeek	event-handler-invocations	-	name	conn_weird	205.0
1718944932.749126	zeek	counter	zeek	event-handler-invocations	-	name	connection_EOF	136.0
1718944932.749126	zeek	counter	zeek	event-handler-invocations	-	name	connection_established	63.0
1718944932.749126	zeek	counter	zeek	event-handler-invocations	-	name	Known::host_found	126.0
1718944932.749126	zeek	counter	zeek	event-handler-invocations	-	name	known_host_add	2.0
1718944932.749126	zeek	counter	zeek	event-handler-invocations	-	name	analyzer_confirmation_info	78.0
1718944932.749126	zeek	counter	zeek	event-handler-invocations	-	name	http_request	99.0
1718944932.749126	zeek	counter	zeek	event-handler-invocations	-	name	http_begin_entity	162.0
1718944932.749126	zeek	counter	zeek	event-handler-invocations	-	name	http_header	1350.0
1718944932.749126	zeek	counter	zeek	event-handler-invocations	-	name	http_end_entity	162.0
1718944932.749126	zeek	counter	zeek	event-handler-invocations	-	name	get_file_handle	237.0
1718944932.749126	zeek	counter	zeek	event-handler-invocations	-	name	service_info_commit	63.0
1718944932.749126	zeek	counter	zeek	event-handler-invocations	-	name	Software::new	162.0
1718944932.749126	zeek	counter	zeek	event-handler-invocations	-	name	known_service_add	1.0
1718944932.749126	zeek	counter	zeek	event-handler-invocations	-	name	Software::register	162.0
1718944932.749126	zeek	counter	zeek	event-handler-invocations	-	name	http_message_done	162.0
1718944932.749126	zeek	counter	zeek	event-handler-invocations	-	name	Software::log_software	2.0
1718944932.749126	zeek	counter	zeek	event-handler-invocations	-	name	http_reply	63.0
1718944932.749126	zeek	counter	zeek	event-handler-invocations	-	name	file_new	4.0
1718944932.749126	zeek	counter	zeek	event-handler-invocations	-	name	file_over_new_connection	4.0
1718944932.749126	zeek	counter	zeek	event-handler-invocations	-	name	file_sniff	4.0
1718944932.749126	zeek	counter	zeek	event-handler-invocations	-	name	file_hash	8.0
1718944932.749126	zeek	counter	zeek	event-handler-invocations	-	name	file_state_remove	4.0
1718944932.749126	zeek	counter	zeek	event-handler-invocations	-	name	content_gap	15.0
1718944932.749126	zeek	counter	zeek	event-handler-invocations	-	name	connection_state_remove	73.0
1718944932.749126	zeek	counter	zeek	event-handler-invocations	-	name	reporter_warning	1.0
1718944932.749126	zeek	counter	zeek	event-handler-invocations	-	name	dns_message	2.0
1718944932.749126	zeek	counter	zeek	event-handler-invocations	-	name	dns_request	18.0
1718944932.749126	zeek	counter	zeek	event-handler-invocations	-	name	dns_end	2.0
1718944932.749126	zeek	counter	zeek	event-handler-invocations	-	name	connection_attempt	1.0
1718944932.749126	zeek	gauge	zeek	active-sessions	-	protocol	tcp	10.0
1718944932.749126	zeek	gauge	zeek	active-sessions	-	protocol	udp	1.0
1718944932.749126	zeek	gauge	zeek	active-sessions	-	protocol	icmp	2.0
1718944932.749126	zeek	counter	zeek	total-sessions	-	protocol	tcp	81.0
1718944932.749126	zeek	counter	zeek	total-sessions	-	protocol	udp	3.0
1718944932.749126	zeek	counter	zeek	total-sessions	-	protocol	icmp	2.0
1718944992.750865	zeek	gauge	process	resident_memory	bytes	(empty)	(empty)	0.0
1718944992.750865	zeek	gauge	process	virtual_memory	bytes	(empty)	(empty)	0.0
1718944992.750865	zeek	gauge	process	cpu	seconds	(empty)	(empty)	0.0
1718944992.750865	zeek	gauge	process	open_fds	-	(empty)	(empty)	0.0
1718944992.750865	zeek	counter	zeek	log-stream-writes	-	module,stream	PacketFilter,PacketFilter::LOG	1.0
1718944992.750865	zeek	counter	zeek	log-stream-writes	-	module,stream	LoadedScripts,LoadedScripts::LOG	500.0
1718944992.750865	zeek	counter	zeek	log-stream-writes	-	module,stream	Telemetry,Telemetry::LOG	119.0
1718944992.750865	zeek	counter	zeek	log-stream-writes	-	module,stream	Stats,Stats::LOG	1.0
1718944992.750865	zeek	counter	zeek	log-stream-writes	-	module,stream	Weird,Weird::LOG	29.0
1718944992.750865	zeek	counter	zeek	log-stream-writes	-	module,stream	Known,Known::HOSTS_LOG	2.0
1718944992.750865	zeek	counter	zeek	log-stream-writes	-	module,stream	Known,Known::SERVICES_LOG	3.0
1718944992.750865	zeek	counter	zeek	log-stream-writes	-	module,stream	Software,Software::LOG	2.0
1718944992.750865	zeek	counter	zeek	log-stream-writes	-	module,stream	Files,Files::LOG	5.0
1718944992.750865	zeek	counter	zeek	log-stream-writes	-	module,stream	HTTP,HTTP::LOG	168.0
1718944992.750865	zeek	counter	zeek	log-stream-writes	-	module,stream	Conn,Conn::LOG	146.0
1718944992.750865	zeek	counter	zeek	log-stream-writes	-	module,stream	Reporter,Reporter::LOG	1.0
1718944992.750865	zeek	counter	zeek	log-stream-writes	-	module,stream	DNS,DNS::LOG	2.0
1718944992.750865	zeek	counter	zeek	log-stream-writes	-	module,stream	Notice,Notice::LOG	1.0
1718944992.750865	zeek	counter	zeek	log-stream-writes	-	module,stream	CaptureLoss,CaptureLoss::LOG	1.0
1718944992.750865	zeek	counter	zeek	log-stream-writes	-	module,stream	DHCP,DHCP::LOG	2.0
1718944992.750865	zeek	counter	zeek	log-stream-writes	-	module,stream	Modbus,Modbus::LOG	384.0
1718944992.750865	zeek	counter	zeek	log-writer-writes	-	filter-name,module,path,stream,writer	default,PacketFilter,packet_filter,PacketFilter::LOG,Log::WRITER_ASCII	1.0
1718944992.750865	zeek	counter	zeek	log-writer-writes	-	filter-name,module,path,stream,writer	default,LoadedScripts,loaded_scripts,LoadedScripts::LOG,Log::WRITER_ASCII	500.0
1718944992.750865	zeek	counter	zeek	log-writer-writes	-	filter-name,module,path,stream,writer	default,Telemetry,telemetry,Telemetry::LOG,Log::WRITER_ASCII	119.0
1718944992.750865	zeek	counter	zeek	log-writer-writes	-	filter-name,module,path,stream,writer	default,Stats,stats,Stats::LOG,Log::WRITER_ASCII	1.0
1718944992.750865	zeek	counter	zeek	log-writer-writes	-	filter-name,module,path,stream,writer	default,Weird,weird,Weird::LOG,Log::WRITER_ASCII	29.0
1718944992.750865	zeek	counter	zeek	log-writer-writes	-	filter-name,module,path,stream,writer	default,Known,known_hosts,Known::HOSTS_LOG,Log::WRITER_ASCII	2.0
1718944992.750865	zeek	counter	zeek	log-writer-writes	-	filter-name,module,path,stream,writer	default,Known,known_services,Known::SERVICES_LOG,Log::WRITER_ASCII	3.0
1718944992.750865	zeek	counter	zeek	log-writer-writes	-	filter-name,module,path,stream,writer	default,Software,software,Software::LOG,Log::WRITER_ASCII	2.0
1718944992.750865	zeek	counter	zeek	log-writer-writes	-	filter-name,module,path,stream,writer	default,Files,files,Files::LOG,Log::WRITER_ASCII	5.0
1718944992.750865	zeek	counter	zeek	log-writer-writes	-	filter-name,module,path,stream,writer	default,HTTP,http,HTTP::LOG,Log::WRITER_ASCII	168.0
1718944992.750865	zeek	counter	zeek	log-writer-writes	-	filter-name,module,path,stream,writer	default,Conn,conn,Conn::LOG,Log::WRITER_ASCII	146.0
1718944992.750865	zeek	counter	zeek	log-writer-writes	-	filter-name,module,path,stream,writer	default,Reporter,reporter,Reporter::LOG,Log::WRITER_ASCII	1.0
1718944992.750865	zeek	counter	zeek	log-writer-writes	-	filter-name,module,path,stream,writer	default,DNS,dns,DNS::LOG,Log::WRITER_ASCII	2.0
1718944992.750865	zeek	counter	zeek	log-writer-writes	-	filter-name,module,path,stream,writer	default,Notice,notice,Notice::LOG,Log::WRITER_ASCII	1.0
1718944992.750865	zeek	counter	zeek	log-writer-writes	-	filter-name,module,path,stream,writer	default,CaptureLoss,capture_loss,CaptureLoss::LOG,Log::WRITER_ASCII	1.0
1718944992.750865	zeek	counter	zeek	log-writer-writes	-	filter-name,module,path,stream,writer	default,DHCP,dhcp,DHCP::LOG,Log::WRITER_ASCII	2.0
1718944992.750865	zeek	counter	zeek	log-writer-writes	-	filter-name,module,path,stream,writer	default,Modbus,modbus,Modbus::LOG,Log::WRITER_ASCII	384.0
1718944992.750865	zeek	gauge	zeek	version_info	-	beta,commit,debug,major,minor,patch,version_number,version_string	false,0,false,6,0,3,60003,6.0.3	1.0
1718944992.750865	zeek	counter	zeek	net-received-bytes	-	(empty)	(empty)	519808.0
1718944992.750865	zeek	counter	zeek	net-received-packets	-	(empty)	(empty)	2049.0
1718944992.750865	zeek	counter	zeek	net-dropped-packets	-	(empty)	(empty)	0.0
1718944992.750865	zeek	counter	zeek	net-link-packets	-	(empty)	(empty)	2049.0
1718944992.750865	zeek	gauge	zeek	net-packet-lag	seconds	(empty)	(empty)	0.000107
1718944992.750865	zeek	counter	zeek	event-handler-invocations	-	name	zeek_init	1.0
1718944992.750865	zeek	counter	zeek	event-handler-invocations	-	name	zeek_script_loaded	500.0
1718944992.750865	zeek	counter	zeek	event-handler-invocations	-	name	grab_vulnerable_versions	2.0
1718944992.750865	zeek	counter	zeek	event-handler-invocations	-	name	NetControl::init	1.0
1718944992.750865	zeek	counter	zeek	event-handler-invocations	-	name	filter_change_tracking	2.0
1718944992.750865	zeek	counter	zeek	event-handler-invocations	-	name	Broker::log_flush	119.0
1718944992.750865	zeek	counter	zeek	event-handler-invocations	-	name	ChecksumOffloading::check	2.0
1718944992.750865	zeek	counter	zeek	event-handler-invocations	-	name	run_sync_hook	12.0
1718944992.750865	zeek	counter	zeek	event-handler-invocations	-	name	Telemetry::log	3.0
1718944992.750865	zeek	counter	zeek	event-handler-invocations	-	name	CaptureLoss::take_measurement	2.0
1718944992.750865	zeek	counter	zeek	event-handler-invocations	-	name	check_stats	1.0
1718944992.750865	zeek	counter	zeek	event-handler-invocations	-	name	net_stats_update	1.0
1718944992.750865	zeek	counter	zeek	event-handler-invocations	-	name	SumStats::finish_epoch	8.0
1718944992.750865	zeek	counter	zeek	event-handler-invocations	-	name	new_connection	161.0
1718944992.750865	zeek	counter	zeek	event-handler-invocations	-	name	conn_weird	242.0
1718944992.750865	zeek	counter	zeek	event-handler-invocations	-	name	connection_EOF	273.0
1718944992.750865	zeek	counter	zeek	event-handler-invocations	-	name	connection_established	133.0
1718944992.750865	zeek	counter	zeek	event-handler-invocations	-	name	Known::host_found	266.0
1718944992.750865	zeek	counter	zeek	event-handler-invocations	-	name	known_host_add	2.0
1718944992.750865	zeek	counter	zeek	event-handler-invocations	-	name	analyzer_confirmation_info	150.0
1718944992.750865	zeek	counter	zeek	event-handler-invocations	-	name	http_request	168.0
1718944992.750865	zeek	counter	zeek	event-handler-invocations	-	name	http_begin_entity	300.0
1718944992.750865	zeek	counter	zeek	event-handler-invocations	-	name	http_header	2432.0
1718944992.750865	zeek	counter	zeek	event-handler-invocations	-	name	http_end_entity	300.0
1718944992.750865	zeek	counter	zeek	event-handler-invocations	-	name	get_file_handle	446.0
1718944992.750865	zeek	counter	zeek	event-handler-invocations	-	name	service_info_commit	134.0
1718944992.750865	zeek	counter	zeek	event-handler-invocations	-	name	Software::new	300.0
1718944992.750865	zeek	counter	zeek	event-handler-invocations	-	name	known_service_add	3.0
1718944992.750865	zeek	counter	zeek	event-handler-invocations	-	name	Software::register	300.0
1718944992.750865	zeek	counter	zeek	event-handler-invocations	-	name	http_message_done	300.0
1718944992.750865	zeek	counter	zeek	event-handler-invocations	-	name	Software::log_software	2.0
1718944992.750865	zeek	counter	zeek	event-handler-invocations	-	name	http_reply	132.0
1718944992.750865	zeek	counter	zeek	event-handler-invocations	-	name	file_new	5.0
1718944992.750865	zeek	counter	zeek	event-handler-invocations	-	name	file_over_new_connection	5.0
1718944992.750865	zeek	counter	zeek	event-handler-invocations	-	name	file_sniff	5.0
1718944992.750865	zeek	counter	zeek	event-handler-invocations	-	name	file_hash	10.0
1718944992.750865	zeek	counter	zeek	event-handler-invocations	-	name	file_state_remove	5.0
1718944992.750865	zeek	counter	zeek	event-handler-invocations	-	name	content_gap	28.0
1718944992.750865	zeek	counter	zeek	event-handler-invocations	-	name	connection_state_remove	146.0
1718944992.750865	zeek	counter	zeek	event-handler-invocations	-	name	reporter_warning	1.0
1718944992.750865	zeek	counter	zeek	event-handler-invocations	-	name	dns_message	2.0
1718944992.750865	zeek	counter	zeek	event-handler-invocations	-	name	dns_request	18.0
1718944992.750865	zeek	counter	zeek	event-handler-invocations	-	name	dns_end	2.0
1718944992.750865	zeek	counter	zeek	event-handler-invocations	-	name	connection_attempt	2.0
1718944992.750865	zeek	counter	zeek	event-handler-invocations	-	name	dhcp_message	3.0
1718944992.750865	zeek	counter	zeek	event-handler-invocations	-	name	DHCP::aggregate_msgs	3.0
1718944992.750865	zeek	counter	zeek	event-handler-invocations	-	name	modbus_message	384.0
1718944992.750865	zeek	counter	zeek	event-handler-invocations	-	name	Modbus::log_modbus	384.0
1718944992.750865	zeek	gauge	zeek	active-sessions	-	protocol	tcp	11.0
1718944992.750865	zeek	gauge	zeek	active-sessions	-	protocol	udp	2.0
1718944992.750865	zeek	gauge	zeek	active-sessions	-	protocol	icmp	2.0
1718944992.750865	zeek	counter	zeek	total-sessions	-	protocol	tcp	152.0
1718944992.750865	zeek	counter	zeek	total-sessions	-	protocol	udp	5.0
1718944992.750865	zeek	counter	zeek	total-sessions	-	protocol	icmp	4.0
1718945052.812517	zeek	gauge	process	resident_memory	bytes	(empty)	(empty)	0.0
1718945052.812517	zeek	gauge	process	virtual_memory	bytes	(empty)	(empty)	0.0
1718945052.812517	zeek	gauge	process	cpu	seconds	(empty)	(empty)	0.0
1718945052.812517	zeek	gauge	process	open_fds	-	(empty)	(empty)	0.0
1718945052.812517	zeek	counter	zeek	log-stream-writes	-	module,stream	PacketFilter,PacketFilter::LOG	1.0
1718945052.812517	zeek	counter	zeek	log-stream-writes	-	module,stream	LoadedScripts,LoadedScripts::LOG	500.0
1718945052.812517	zeek	counter	zeek	log-stream-writes	-	module,stream	Telemetry,Telemetry::LOG	217.0
1718945052.812517	zeek	counter	zeek	log-stream-writes	-	module,stream	Stats,Stats::LOG	1.0
1718945052.812517	zeek	counter	zeek	log-stream-writes	-	module,stream	Weird,Weird::LOG	35.0
1718945052.812517	zeek	counter	zeek	log-stream-writes	-	module,stream	Known,Known::HOSTS_LOG	2.0
1718945052.812517	zeek	counter	zeek	log-stream-writes	-	module,stream	Known,Known::SERVICES_LOG	3.0
1718945052.812517	zeek	counter	zeek	log-stream-writes	-	module,stream	Software,Software::LOG	2.0
1718945052.812517	zeek	counter	zeek	log-stream-writes	-	module,stream	Files,Files::LOG	5.0
1718945052.812517	zeek	counter	zeek	log-stream-writes	-	module,stream	HTTP,HTTP::LOG	247.0
1718945052.812517	zeek	counter	zeek	log-stream-writes	-	module,stream	Conn,Conn::LOG	220.0
1718945052.812517	zeek	counter	zeek	log-stream-writes	-	module,stream	Reporter,Reporter::LOG	1.0
1718945052.812517	zeek	counter	zeek	log-stream-writes	-	module,stream	DNS,DNS::LOG	2.0
1718945052.812517	zeek	counter	zeek	log-stream-writes	-	module,stream	Notice,Notice::LOG	1.0
1718945052.812517	zeek	counter	zeek	log-stream-writes	-	module,stream	CaptureLoss,CaptureLoss::LOG	1.0
1718945052.812517	zeek	counter	zeek	log-stream-writes	-	module,stream	DHCP,DHCP::LOG	2.0
1718945052.812517	zeek	counter	zeek	log-stream-writes	-	module,stream	Modbus,Modbus::LOG	1556.0
1718945052.812517	zeek	counter	zeek	log-writer-writes	-	filter-name,module,path,stream,writer	default,PacketFilter,packet_filter,PacketFilter::LOG,Log::WRITER_ASCII	1.0
1718945052.812517	zeek	counter	zeek	log-writer-writes	-	filter-name,module,path,stream,writer	default,LoadedScripts,loaded_scripts,LoadedScripts::LOG,Log::WRITER_ASCII	500.0
1718945052.812517	zeek	counter	zeek	log-writer-writes	-	filter-name,module,path,stream,writer	default,Telemetry,telemetry,Telemetry::LOG,Log::WRITER_ASCII	217.0
1718945052.812517	zeek	counter	zeek	log-writer-writes	-	filter-name,module,path,stream,writer	default,Stats,stats,Stats::LOG,Log::WRITER_ASCII	1.0
1718945052.812517	zeek	counter	zeek	log-writer-writes	-	filter-name,module,path,stream,writer	default,Weird,weird,Weird::LOG,Log::WRITER_ASCII	35.0
1718945052.812517	zeek	counter	zeek	log-writer-writes	-	filter-name,module,path,stream,writer	default,Known,known_hosts,Known::HOSTS_LOG,Log::WRITER_ASCII	2.0
1718945052.812517	zeek	counter	zeek	log-writer-writes	-	filter-name,module,path,stream,writer	default,Known,known_services,Known::SERVICES_LOG,Log::WRITER_ASCII	3.0
1718945052.812517	zeek	counter	zeek	log-writer-writes	-	filter-name,module,path,stream,writer	default,Software,software,Software::LOG,Log::WRITER_ASCII	2.0
1718945052.812517	zeek	counter	zeek	log-writer-writes	-	filter-name,module,path,stream,writer	default,Files,files,Files::LOG,Log::WRITER_ASCII	5.0
1718945052.812517	zeek	counter	zeek	log-writer-writes	-	filter-name,module,path,stream,writer	default,HTTP,http,HTTP::LOG,Log::WRITER_ASCII	247.0
1718945052.812517	zeek	counter	zeek	log-writer-writes	-	filter-name,module,path,stream,writer	default,Conn,conn,Conn::LOG,Log::WRITER_ASCII	220.0
1718945052.812517	zeek	counter	zeek	log-writer-writes	-	filter-name,module,path,stream,writer	default,Reporter,reporter,Reporter::LOG,Log::WRITER_ASCII	1.0
1718945052.812517	zeek	counter	zeek	log-writer-writes	-	filter-name,module,path,stream,writer	default,DNS,dns,DNS::LOG,Log::WRITER_ASCII	2.0
1718945052.812517	zeek	counter	zeek	log-writer-writes	-	filter-name,module,path,stream,writer	default,Notice,notice,Notice::LOG,Log::WRITER_ASCII	1.0
1718945052.812517	zeek	counter	zeek	log-writer-writes	-	filter-name,module,path,stream,writer	default,CaptureLoss,capture_loss,CaptureLoss::LOG,Log::WRITER_ASCII	1.0
1718945052.812517	zeek	counter	zeek	log-writer-writes	-	filter-name,module,path,stream,writer	default,DHCP,dhcp,DHCP::LOG,Log::WRITER_ASCII	2.0
1718945052.812517	zeek	counter	zeek	log-writer-writes	-	filter-name,module,path,stream,writer	default,Modbus,modbus,Modbus::LOG,Log::WRITER_ASCII	1556.0
1718945052.812517	zeek	gauge	zeek	version_info	-	beta,commit,debug,major,minor,patch,version_number,version_string	false,0,false,6,0,3,60003,6.0.3	1.0
1718945052.812517	zeek	counter	zeek	net-received-bytes	-	(empty)	(empty)	832660.0
1718945052.812517	zeek	counter	zeek	net-received-packets	-	(empty)	(empty)	4611.0
1718945052.812517	zeek	counter	zeek	net-dropped-packets	-	(empty)	(empty)	0.0
1718945052.812517	zeek	counter	zeek	net-link-packets	-	(empty)	(empty)	4611.0
1718945052.812517	zeek	gauge	zeek	net-packet-lag	seconds	(empty)	(empty)	0.000127
1718945052.812517	zeek	counter	zeek	event-handler-invocations	-	name	zeek_init	1.0
1718945052.812517	zeek	counter	zeek	event-handler-invocations	-	name	zeek_script_loaded	500.0
1718945052.812517	zeek	counter	zeek	event-handler-invocations	-	name	grab_vulnerable_versions	2.0
1718945052.812517	zeek	counter	zeek	event-handler-invocations	-	name	NetControl::init	1.0
1718945052.812517	zeek	counter	zeek	event-handler-invocations	-	name	filter_change_tracking	2.0
1718945052.812517	zeek	counter	zeek	event-handler-invocations	-	name	Broker::log_flush	178.0
1718945052.812517	zeek	counter	zeek	event-handler-invocations	-	name	ChecksumOffloading::check	2.0
1718945052.812517	zeek	counter	zeek	event-handler-invocations	-	name	run_sync_hook	18.0
1718945052.812517	zeek	counter	zeek	event-handler-invocations	-	name	Telemetry::log	4.0
1718945052.812517	zeek	counter	zeek	event-handler-invocations	-	name	CaptureLoss::take_measurement	2.0
1718945052.812517	zeek	counter	zeek	event-handler-invocations	-	name	check_stats	1.0
1718945052.812517	zeek	counter	zeek	event-handler-invocations	-	name	net_stats_update	1.0
1718945052.812517	zeek	counter	zeek	event-handler-invocations	-	name	SumStats::finish_epoch	8.0
1718945052.812517	zeek	counter	zeek	event-handler-invocations	-	name	new_connection	230.0
1718945052.812517	zeek	counter	zeek	event-handler-invocations	-	name	conn_weird	314.0
1718945052.812517	zeek	counter	zeek	event-handler-invocations	-	name	connection_EOF	398.0
1718945052.812517	zeek	counter	zeek	event-handler-invocations	-	name	connection_established	192.0
1718945052.812517	zeek	counter	zeek	event-handler-invocations	-	name	Known::host_found	384.0
1718945052.812517	zeek	counter	zeek	event-handler-invocations	-	name	known_host_add	2.0
1718945052.812517	zeek	counter	zeek	event-handler-invocations	-	name	analyzer_confirmation_info	214.0
1718945052.812517	zeek	counter	zeek	event-handler-invocations	-	name	http_request	247.0
1718945052.812517	zeek	counter	zeek	event-handler-invocations	-	name	http_begin_entity	438.0
1718945052.812517	zeek	counter	zeek	event-handler-invocations	-	name	http_header	3517.0
1718945052.812517	zeek	counter	zeek	event-handler-invocations	-	name	http_end_entity	438.0
1718945052.812517	zeek	counter	zeek	event-handler-invocations	-	name	get_file_handle	654.0
1718945052.812517	zeek	counter	zeek	event-handler-invocations	-	name	service_info_commit	194.0
1718945052.812517	zeek	counter	zeek	event-handler-invocations	-	name	Software::new	438.0
1718945052.812517	zeek	counter	zeek	event-handler-invocations	-	name	known_service_add	3.0
1718945052.812517	zeek	counter	zeek	event-handler-invocations	-	name	Software::register	438.0
1718945052.812517	zeek	counter	zeek	event-handler-invocations	-	name	http_message_done	438.0
1718945052.812517	zeek	counter	zeek	event-handler-invocations	-	name	Software::log_software	2.0
1718945052.812517	zeek	counter	zeek	event-handler-invocations	-	name	http_reply	191.0
1718945052.812517	zeek	counter	zeek	event-handler-invocations	-	name	file_new	5.0
1718945052.812517	zeek	counter	zeek	event-handler-invocations	-	name	file_over_new_connection	5.0
1718945052.812517	zeek	counter	zeek	event-handler-invocations	-	name	file_sniff	5.0
1718945052.812517	zeek	counter	zeek	event-handler-invocations	-	name	file_hash	10.0
1718945052.812517	zeek	counter	zeek	event-handler-invocations	-	name	file_state_remove	5.0
1718945052.812517	zeek	counter	zeek	event-handler-invocations	-	name	content_gap	28.0
1718945052.812517	zeek	counter	zeek	event-handler-invocations	-	name	connection_state_remove	220.0
1718945052.812517	zeek	counter	zeek	event-handler-invocations	-	name	reporter_warning	1.0
1718945052.812517	zeek	counter	zeek	event-handler-invocations	-	name	dns_message	2.0
1718945052.812517	zeek	counter	zeek	event-handler-invocations	-	name	dns_request	18.0
1718945052.812517	zeek	counter	zeek	event-handler-invocations	-	name	dns_end	2.0
1718945052.812517	zeek	counter	zeek	event-handler-invocations	-	name	connection_attempt	6.0
1718945052.812517	zeek	counter	zeek	event-handler-invocations	-	name	dhcp_message	3.0
1718945052.812517	zeek	counter	zeek	event-handler-invocations	-	name	DHCP::aggregate_msgs	3.0
1718945052.812517	zeek	counter	zeek	event-handler-invocations	-	name	modbus_message	1556.0
1718945052.812517	zeek	counter	zeek	event-handler-invocations	-	name	Modbus::log_modbus	1556.0
1718945052.812517	zeek	gauge	zeek	active-sessions	-	protocol	tcp	9.0
1718945052.812517	zeek	gauge	zeek	active-sessions	-	protocol	udp	1.0
1718945052.812517	zeek	gauge	zeek	active-sessions	-	protocol	icmp	0.0
1718945052.812517	zeek	counter	zeek	total-sessions	-	protocol	tcp	220.0
1718945052.812517	zeek	counter	zeek	total-sessions	-	protocol	udp	6.0
1718945052.812517	zeek	counter	zeek	total-sessions	-	protocol	icmp	4.0
1718945112.835426	zeek	gauge	process	resident_memory	bytes	(empty)	(empty)	0.0
1718945112.835426	zeek	gauge	process	virtual_memory	bytes	(empty)	(empty)	0.0
1718945112.835426	zeek	gauge	process	cpu	seconds	(empty)	(empty)	0.0
1718945112.835426	zeek	gauge	process	open_fds	-	(empty)	(empty)	0.0
1718945112.835426	zeek	counter	zeek	log-stream-writes	-	module,stream	PacketFilter,PacketFilter::LOG	1.0
1718945112.835426	zeek	counter	zeek	log-stream-writes	-	module,stream	LoadedScripts,LoadedScripts::LOG	500.0
1718945112.835426	zeek	counter	zeek	log-stream-writes	-	module,stream	Telemetry,Telemetry::LOG	315.0
1718945112.835426	zeek	counter	zeek	log-stream-writes	-	module,stream	Stats,Stats::LOG	1.0
1718945112.835426	zeek	counter	zeek	log-stream-writes	-	module,stream	Weird,Weird::LOG	45.0
1718945112.835426	zeek	counter	zeek	log-stream-writes	-	module,stream	Known,Known::HOSTS_LOG	2.0
1718945112.835426	zeek	counter	zeek	log-stream-writes	-	module,stream	Known,Known::SERVICES_LOG	3.0
1718945112.835426	zeek	counter	zeek	log-stream-writes	-	module,stream	Software,Software::LOG	2.0
1718945112.835426	zeek	counter	zeek	log-stream-writes	-	module,stream	Files,Files::LOG	5.0
1718945112.835426	zeek	counter	zeek	log-stream-writes	-	module,stream	HTTP,HTTP::LOG	352.0
1718945112.835426	zeek	counter	zeek	log-stream-writes	-	module,stream	Conn,Conn::LOG	322.0
1718945112.835426	zeek	counter	zeek	log-stream-writes	-	module,stream	Reporter,Reporter::LOG	1.0
1718945112.835426	zeek	counter	zeek	log-stream-writes	-	module,stream	DNS,DNS::LOG	2.0
1718945112.835426	zeek	counter	zeek	log-stream-writes	-	module,stream	Notice,Notice::LOG	7.0
1718945112.835426	zeek	counter	zeek	log-stream-writes	-	module,stream	CaptureLoss,CaptureLoss::LOG	1.0
1718945112.835426	zeek	counter	zeek	log-stream-writes	-	module,stream	DHCP,DHCP::LOG	3.0
1718945112.835426	zeek	counter	zeek	log-stream-writes	-	module,stream	Modbus,Modbus::LOG	2590.0
1718945112.835426	zeek	counter	zeek	log-writer-writes	-	filter-name,module,path,stream,writer	default,PacketFilter,packet_filter,PacketFilter::LOG,Log::WRITER_ASCII	1.0
1718945112.835426	zeek	counter	zeek	log-writer-writes	-	filter-name,module,path,stream,writer	default,LoadedScripts,loaded_scripts,LoadedScripts::LOG,Log::WRITER_ASCII	500.0
1718945112.835426	zeek	counter	zeek	log-writer-writes	-	filter-name,module,path,stream,writer	default,Telemetry,telemetry,Telemetry::LOG,Log::WRITER_ASCII	315.0
1718945112.835426	zeek	counter	zeek	log-writer-writes	-	filter-name,module,path,stream,writer	default,Stats,stats,Stats::LOG,Log::WRITER_ASCII	1.0
1718945112.835426	zeek	counter	zeek	log-writer-writes	-	filter-name,module,path,stream,writer	default,Weird,weird,Weird::LOG,Log::WRITER_ASCII	45.0
1718945112.835426	zeek	counter	zeek	log-writer-writes	-	filter-name,module,path,stream,writer	default,Known,known_hosts,Known::HOSTS_LOG,Log::WRITER_ASCII	2.0
1718945112.835426	zeek	counter	zeek	log-writer-writes	-	filter-name,module,path,stream,writer	default,Known,known_services,Known::SERVICES_LOG,Log::WRITER_ASCII	3.0
1718945112.835426	zeek	counter	zeek	log-writer-writes	-	filter-name,module,path,stream,writer	default,Software,software,Software::LOG,Log::WRITER_ASCII	2.0
1718945112.835426	zeek	counter	zeek	log-writer-writes	-	filter-name,module,path,stream,writer	default,Files,files,Files::LOG,Log::WRITER_ASCII	5.0
1718945112.835426	zeek	counter	zeek	log-writer-writes	-	filter-name,module,path,stream,writer	default,HTTP,http,HTTP::LOG,Log::WRITER_ASCII	352.0
1718945112.835426	zeek	counter	zeek	log-writer-writes	-	filter-name,module,path,stream,writer	default,Conn,conn,Conn::LOG,Log::WRITER_ASCII	322.0
1718945112.835426	zeek	counter	zeek	log-writer-writes	-	filter-name,module,path,stream,writer	default,Reporter,reporter,Reporter::LOG,Log::WRITER_ASCII	1.0
1718945112.835426	zeek	counter	zeek	log-writer-writes	-	filter-name,module,path,stream,writer	default,DNS,dns,DNS::LOG,Log::WRITER_ASCII	2.0
1718945112.835426	zeek	counter	zeek	log-writer-writes	-	filter-name,module,path,stream,writer	default,Notice,notice,Notice::LOG,Log::WRITER_ASCII	7.0
1718945112.835426	zeek	counter	zeek	log-writer-writes	-	filter-name,module,path,stream,writer	default,CaptureLoss,capture_loss,CaptureLoss::LOG,Log::WRITER_ASCII	1.0
1718945112.835426	zeek	counter	zeek	log-writer-writes	-	filter-name,module,path,stream,writer	default,DHCP,dhcp,DHCP::LOG,Log::WRITER_ASCII	3.0
1718945112.835426	zeek	counter	zeek	log-writer-writes	-	filter-name,module,path,stream,writer	default,Modbus,modbus,Modbus::LOG,Log::WRITER_ASCII	2590.0
1718945112.835426	zeek	gauge	zeek	version_info	-	beta,commit,debug,major,minor,patch,version_number,version_string	false,0,false,6,0,3,60003,6.0.3	1.0
1718945112.835426	zeek	counter	zeek	net-received-bytes	-	(empty)	(empty)	1255532.0
1718945112.835426	zeek	counter	zeek	net-received-packets	-	(empty)	(empty)	7346.0
1718945112.835426	zeek	counter	zeek	net-dropped-packets	-	(empty)	(empty)	0.0
1718945112.835426	zeek	counter	zeek	net-link-packets	-	(empty)	(empty)	7346.0
1718945112.835426	zeek	gauge	zeek	net-packet-lag	seconds	(empty)	(empty)	0.000107
1718945112.835426	zeek	counter	zeek	event-handler-invocations	-	name	zeek_init	1.0
1718945112.835426	zeek	counter	zeek	event-handler-invocations	-	name	zeek_script_loaded	500.0
1718945112.835426	zeek	counter	zeek	event-handler-invocations	-	name	grab_vulnerable_versions	2.0
1718945112.835426	zeek	counter	zeek	event-handler-invocations	-	name	NetControl::init	1.0
1718945112.835426	zeek	counter	zeek	event-handler-invocations	-	name	filter_change_tracking	2.0
1718945112.835426	zeek	counter	zeek	event-handler-invocations	-	name	Broker::log_flush	237.0
1718945112.835426	zeek	counter	zeek	event-handler-invocations	-	name	ChecksumOffloading::check	2.0
1718945112.835426	zeek	counter	zeek	event-handler-invocations	-	name	run_sync_hook	24.0
1718945112.835426	zeek	counter	zeek	event-handler-invocations	-	name	Telemetry::log	5.0
1718945112.835426	zeek	counter	zeek	event-handler-invocations	-	name	CaptureLoss::take_measurement	2.0
1718945112.835426	zeek	counter	zeek	event-handler-invocations	-	name	check_stats	1.0
1718945112.835426	zeek	counter	zeek	event-handler-invocations	-	name	net_stats_update	1.0
1718945112.835426	zeek	counter	zeek	event-handler-invocations	-	name	SumStats::finish_epoch	8.0
1718945112.835426	zeek	counter	zeek	event-handler-invocations	-	name	new_connection	336.0
1718945112.835426	zeek	counter	zeek	event-handler-invocations	-	name	conn_weird	376.0
1718945112.835426	zeek	counter	zeek	event-handler-invocations	-	name	connection_EOF	590.0
1718945112.835426	zeek	counter	zeek	event-handler-invocations	-	name	connection_established	289.0
1718945112.835426	zeek	counter	zeek	event-handler-invocations	-	name	Known::host_found	578.0
1718945112.835426	zeek	counter	zeek	event-handler-invocations	-	name	known_host_add	2.0
1718945112.835426	zeek	counter	zeek	event-handler-invocations	-	name	analyzer_confirmation_info	317.0
1718945112.835426	zeek	counter	zeek	event-handler-invocations	-	name	http_request	352.0
1718945112.835426	zeek	counter	zeek	event-handler-invocations	-	name	http_begin_entity	634.0
1718945112.835426	zeek	counter	zeek	event-handler-invocations	-	name	http_header	5160.0
1718945112.835426	zeek	counter	zeek	event-handler-invocations	-	name	http_end_entity	634.0
1718945112.835426	zeek	counter	zeek	event-handler-invocations	-	name	get_file_handle	951.0
1718945112.835426	zeek	counter	zeek	event-handler-invocations	-	name	service_info_commit	291.0
1718945112.835426	zeek	counter	zeek	event-handler-invocations	-	name	Software::new	634.0
1718945112.835426	zeek	counter	zeek	event-handler-invocations	-	name	known_service_add	3.0
1718945112.835426	zeek	counter	zeek	event-handler-invocations	-	name	Software::register	634.0
1718945112.835426	zeek	counter	zeek	event-handler-invocations	-	name	http_message_done	634.0
1718945112.835426	zeek	counter	zeek	event-handler-invocations	-	name	Software::log_software	2.0
1718945112.835426	zeek	counter	zeek	event-handler-invocations	-	name	http_reply	282.0
1718945112.835426	zeek	counter	zeek	event-handler-invocations	-	name	file_new	5.0
1718945112.835426	zeek	counter	zeek	event-handler-invocations	-	name	file_over_new_connection	5.0
1718945112.835426	zeek	counter	zeek	event-handler-invocations	-	name	file_sniff	5.0
1718945112.835426	zeek	counter	zeek	event-handler-invocations	-	name	file_hash	10.0
1718945112.835426	zeek	counter	zeek	event-handler-invocations	-	name	file_state_remove	5.0
1718945112.835426	zeek	counter	zeek	event-handler-invocations	-	name	content_gap	67.0
1718945112.835426	zeek	counter	zeek	event-handler-invocations	-	name	connection_state_remove	322.0
1718945112.835426	zeek	counter	zeek	event-handler-invocations	-	name	reporter_warning	1.0
1718945112.835426	zeek	counter	zeek	event-handler-invocations	-	name	dns_message	2.0
1718945112.835426	zeek	counter	zeek	event-handler-invocations	-	name	dns_request	18.0
1718945112.835426	zeek	counter	zeek	event-handler-invocations	-	name	dns_end	2.0
1718945112.835426	zeek	counter	zeek	event-handler-invocations	-	name	connection_attempt	9.0
1718945112.835426	zeek	counter	zeek	event-handler-invocations	-	name	dhcp_message	5.0
1718945112.835426	zeek	counter	zeek	event-handler-invocations	-	name	DHCP::aggregate_msgs	5.0
1718945112.835426	zeek	counter	zeek	event-handler-invocations	-	name	modbus_message	2590.0
1718945112.835426	zeek	counter	zeek	event-handler-invocations	-	name	Modbus::log_modbus	2590.0
1718945112.835426	zeek	gauge	zeek	active-sessions	-	protocol	tcp	12.0
1718945112.835426	zeek	gauge	zeek	active-sessions	-	protocol	udp	1.0
1718945112.835426	zeek	gauge	zeek	active-sessions	-	protocol	icmp	1.0
1718945112.835426	zeek	counter	zeek	total-sessions	-	protocol	tcp	324.0
1718945112.835426	zeek	counter	zeek	total-sessions	-	protocol	udp	7.0
1718945112.835426	zeek	counter	zeek	total-sessions	-	protocol	icmp	5.0
